{"/home/travis/build/npmtest/node-npmtest-sw-toolbox/test.js":{"path":"/home/travis/build/npmtest/node-npmtest-sw-toolbox/test.js","s":{"1":2,"2":2,"3":2,"4":2,"5":2,"6":2,"7":2,"8":1,"9":2,"10":2,"11":1,"12":1,"13":1,"14":1,"15":2,"16":2,"17":2,"18":2,"19":1,"20":1,"21":2,"22":2,"23":2,"24":1,"25":1,"26":1,"27":1,"28":1,"29":1,"30":1,"31":1,"32":1,"33":1,"34":1,"35":1,"36":1,"37":1,"38":1,"39":2,"40":2,"41":1,"42":2,"43":2,"44":1,"45":2,"46":2,"47":1,"48":2,"49":2,"50":1,"51":1,"52":1,"53":1,"54":1},"b":{"1":[2,1,1,1],"2":[1,1,1,1],"3":[1,1],"4":[1,1],"5":[1,1],"6":[1,1],"7":[1,1],"8":[1,1],"9":[1,1],"10":[1,1,1],"11":[1,1],"12":[1,1],"13":[1,1],"14":[1,1],"15":[1,1],"16":[1,1],"17":[1,1]},"f":{"1":2,"2":2,"3":2,"4":2,"5":2,"6":1,"7":1,"8":1,"9":2,"10":2,"11":2,"12":2,"13":1},"fnMap":{"1":{"name":"(anonymous_1)","line":12,"loc":{"start":{"line":12,"column":1},"end":{"line":12,"column":13}}},"2":{"name":"(anonymous_2)","line":19,"loc":{"start":{"line":19,"column":5},"end":{"line":19,"column":17}}},"3":{"name":"(anonymous_3)","line":23,"loc":{"start":{"line":23,"column":24},"end":{"line":23,"column":36}}},"4":{"name":"(anonymous_4)","line":61,"loc":{"start":{"line":61,"column":5},"end":{"line":61,"column":17}}},"5":{"name":"(anonymous_5)","line":82,"loc":{"start":{"line":82,"column":5},"end":{"line":82,"column":17}}},"6":{"name":"(anonymous_6)","line":91,"loc":{"start":{"line":91,"column":77},"end":{"line":94,"column":10}}},"7":{"name":"(anonymous_7)","line":112,"loc":{"start":{"line":112,"column":83},"end":{"line":115,"column":10}},"skip":true},"8":{"name":"(anonymous_8)","line":123,"loc":{"start":{"line":123,"column":77},"end":{"line":126,"column":10}},"skip":true},"9":{"name":"(anonymous_9)","line":139,"loc":{"start":{"line":139,"column":12},"end":{"line":139,"column":40}},"skip":true},"10":{"name":"(anonymous_10)","line":147,"loc":{"start":{"line":147,"column":77},"end":{"line":150,"column":10}},"skip":true},"11":{"name":"(anonymous_11)","line":158,"loc":{"start":{"line":158,"column":83},"end":{"line":161,"column":10}},"skip":true},"12":{"name":"(anonymous_12)","line":169,"loc":{"start":{"line":169,"column":79},"end":{"line":172,"column":10}},"skip":true},"13":{"name":"(anonymous_13)","line":180,"loc":{"start":{"line":180,"column":75},"end":{"line":183,"column":10}},"skip":true}},"statementMap":{"1":{"start":{"line":12,"column":0},"end":{"line":195,"column":5}},"2":{"start":{"line":14,"column":4},"end":{"line":14,"column":14}},"3":{"start":{"line":19,"column":4},"end":{"line":56,"column":9}},"4":{"start":{"line":21,"column":8},"end":{"line":21,"column":19}},"5":{"start":{"line":23,"column":8},"end":{"line":35,"column":13}},"6":{"start":{"line":24,"column":12},"end":{"line":34,"column":13}},"7":{"start":{"line":25,"column":16},"end":{"line":28,"column":30}},"8":{"start":{"line":30,"column":16},"end":{"line":33,"column":27}},"9":{"start":{"line":37,"column":8},"end":{"line":39,"column":21}},"10":{"start":{"line":40,"column":8},"end":{"line":53,"column":9}},"11":{"start":{"line":43,"column":12},"end":{"line":46,"column":14}},"12":{"start":{"line":47,"column":12},"end":{"line":47,"column":18}},"13":{"start":{"line":50,"column":12},"end":{"line":51,"column":33}},"14":{"start":{"line":52,"column":12},"end":{"line":52,"column":18}},"15":{"start":{"line":55,"column":8},"end":{"line":55,"column":35}},"16":{"start":{"line":61,"column":4},"end":{"line":63,"column":9}},"17":{"start":{"line":62,"column":8},"end":{"line":62,"column":15}},"18":{"start":{"line":64,"column":4},"end":{"line":77,"column":5}},"19":{"start":{"line":70,"column":8},"end":{"line":70,"column":14}},"20":{"start":{"line":76,"column":8},"end":{"line":76,"column":14}},"21":{"start":{"line":82,"column":4},"end":{"line":84,"column":9}},"22":{"start":{"line":83,"column":8},"end":{"line":83,"column":15}},"23":{"start":{"line":85,"column":4},"end":{"line":194,"column":5}},"24":{"start":{"line":91,"column":8},"end":{"line":99,"column":10}},"25":{"start":{"line":98,"column":12},"end":{"line":98,"column":35}},"26":{"start":{"line":102,"column":8},"end":{"line":104,"column":63}},"27":{"start":{"line":105,"column":8},"end":{"line":105,"column":14}},"28":{"start":{"line":112,"column":8},"end":{"line":121,"column":10},"skip":true},"29":{"start":{"line":119,"column":12},"end":{"line":119,"column":55},"skip":true},"30":{"start":{"line":120,"column":12},"end":{"line":120,"column":48},"skip":true},"31":{"start":{"line":123,"column":8},"end":{"line":136,"column":10},"skip":true},"32":{"start":{"line":130,"column":12},"end":{"line":130,"column":76},"skip":true},"33":{"start":{"line":131,"column":12},"end":{"line":131,"column":73},"skip":true},"34":{"start":{"line":132,"column":12},"end":{"line":132,"column":74},"skip":true},"35":{"start":{"line":133,"column":12},"end":{"line":133,"column":79},"skip":true},"36":{"start":{"line":134,"column":12},"end":{"line":134,"column":25},"skip":true},"37":{"start":{"line":135,"column":12},"end":{"line":135,"column":45},"skip":true},"38":{"start":{"line":138,"column":8},"end":{"line":145,"column":14},"skip":true},"39":{"start":{"line":143,"column":16},"end":{"line":143,"column":29},"skip":true},"40":{"start":{"line":144,"column":16},"end":{"line":144,"column":55},"skip":true},"41":{"start":{"line":147,"column":8},"end":{"line":156,"column":10},"skip":true},"42":{"start":{"line":154,"column":12},"end":{"line":154,"column":25},"skip":true},"43":{"start":{"line":155,"column":12},"end":{"line":155,"column":45},"skip":true},"44":{"start":{"line":158,"column":8},"end":{"line":167,"column":10},"skip":true},"45":{"start":{"line":165,"column":12},"end":{"line":165,"column":25},"skip":true},"46":{"start":{"line":166,"column":12},"end":{"line":166,"column":48},"skip":true},"47":{"start":{"line":169,"column":8},"end":{"line":178,"column":10},"skip":true},"48":{"start":{"line":176,"column":12},"end":{"line":176,"column":25},"skip":true},"49":{"start":{"line":177,"column":12},"end":{"line":177,"column":46},"skip":true},"50":{"start":{"line":180,"column":8},"end":{"line":189,"column":10},"skip":true},"51":{"start":{"line":187,"column":12},"end":{"line":187,"column":94},"skip":true},"52":{"start":{"line":188,"column":12},"end":{"line":188,"column":48},"skip":true},"53":{"start":{"line":192,"column":8},"end":{"line":192,"column":35},"skip":true},"54":{"start":{"line":193,"column":8},"end":{"line":193,"column":14},"skip":true}},"branchMap":{"1":{"line":25,"type":"binary-expr","locations":[{"start":{"line":25,"column":23},"end":{"line":25,"column":62}},{"start":{"line":26,"column":20},"end":{"line":26,"column":70}},{"start":{"line":27,"column":20},"end":{"line":27,"column":71}},{"start":{"line":28,"column":20},"end":{"line":28,"column":29}}]},"2":{"line":30,"type":"binary-expr","locations":[{"start":{"line":30,"column":23},"end":{"line":30,"column":37}},{"start":{"line":31,"column":20},"end":{"line":31,"column":61}},{"start":{"line":32,"column":20},"end":{"line":32,"column":70}},{"start":{"line":33,"column":20},"end":{"line":33,"column":26}}]},"3":{"line":37,"type":"cond-expr","locations":[{"start":{"line":38,"column":14},"end":{"line":38,"column":20}},{"start":{"line":39,"column":14},"end":{"line":39,"column":20}}]},"4":{"line":40,"type":"switch","locations":[{"start":{"line":42,"column":8},"end":{"line":47,"column":18}},{"start":{"line":49,"column":8},"end":{"line":52,"column":18}}]},"5":{"line":44,"type":"binary-expr","locations":[{"start":{"line":44,"column":16},"end":{"line":44,"column":44}},{"start":{"line":44,"column":48},"end":{"line":44,"column":66}}]},"6":{"line":50,"type":"binary-expr","locations":[{"start":{"line":50,"column":21},"end":{"line":50,"column":49}},{"start":{"line":50,"column":53},"end":{"line":50,"column":72}}]},"7":{"line":64,"type":"switch","locations":[{"start":{"line":69,"column":4},"end":{"line":70,"column":14}},{"start":{"line":75,"column":4},"end":{"line":76,"column":14}}]},"8":{"line":85,"type":"switch","locations":[{"start":{"line":90,"column":4},"end":{"line":105,"column":14}},{"start":{"line":111,"column":4},"end":{"line":193,"column":14},"skip":true}]},"9":{"line":91,"type":"binary-expr","locations":[{"start":{"line":91,"column":42},"end":{"line":91,"column":73}},{"start":{"line":91,"column":77},"end":{"line":99,"column":9}}]},"10":{"line":102,"type":"binary-expr","locations":[{"start":{"line":102,"column":18},"end":{"line":102,"column":32}},{"start":{"line":103,"column":12},"end":{"line":103,"column":53}},{"start":{"line":104,"column":12},"end":{"line":104,"column":61}}]},"11":{"line":112,"type":"binary-expr","locations":[{"start":{"line":112,"column":45},"end":{"line":112,"column":79},"skip":true},{"start":{"line":112,"column":83},"end":{"line":121,"column":9},"skip":true}]},"12":{"line":123,"type":"binary-expr","locations":[{"start":{"line":123,"column":42},"end":{"line":123,"column":73},"skip":true},{"start":{"line":123,"column":77},"end":{"line":136,"column":9},"skip":true}]},"13":{"line":138,"type":"binary-expr","locations":[{"start":{"line":138,"column":48},"end":{"line":138,"column":85},"skip":true},{"start":{"line":139,"column":12},"end":{"line":145,"column":13},"skip":true}]},"14":{"line":147,"type":"binary-expr","locations":[{"start":{"line":147,"column":42},"end":{"line":147,"column":73},"skip":true},{"start":{"line":147,"column":77},"end":{"line":156,"column":9},"skip":true}]},"15":{"line":158,"type":"binary-expr","locations":[{"start":{"line":158,"column":45},"end":{"line":158,"column":79},"skip":true},{"start":{"line":158,"column":83},"end":{"line":167,"column":9},"skip":true}]},"16":{"line":169,"type":"binary-expr","locations":[{"start":{"line":169,"column":43},"end":{"line":169,"column":75},"skip":true},{"start":{"line":169,"column":79},"end":{"line":178,"column":9},"skip":true}]},"17":{"line":180,"type":"binary-expr","locations":[{"start":{"line":180,"column":41},"end":{"line":180,"column":71},"skip":true},{"start":{"line":180,"column":75},"end":{"line":189,"column":9},"skip":true}]}},"code":["/* istanbul instrument in package npmtest_sw_toolbox */","/*jslint","    bitwise: true,","    browser: true,","    maxerr: 8,","    maxlen: 96,","    node: true,","    nomen: true,","    regexp: true,","    stupid: true","*/","(function () {","    'use strict';","    var local;","","","","    // run shared js-env code - init-before","    (function () {","        // init local","        local = {};","        // init modeJs","        local.modeJs = (function () {","            try {","                return typeof navigator.userAgent === 'string' &&","                    typeof document.querySelector('body') === 'object' &&","                    typeof XMLHttpRequest.prototype.open === 'function' &&","                    'browser';","            } catch (errorCaughtBrowser) {","                return module.exports &&","                    typeof process.versions.node === 'string' &&","                    typeof require('http').createServer === 'function' &&","                    'node';","            }","        }());","        // init global","        local.global = local.modeJs === 'browser'","            ? window","            : global;","        switch (local.modeJs) {","        // re-init local from window.local","        case 'browser':","            local = local.global.utility2.objectSetDefault(","                local.global.utility2_rollup || local.global.local,","                local.global.utility2","            );","            break;","        // re-init local from example.js","        case 'node':","            local = (local.global.utility2_rollup || require('utility2'))","                .requireReadme();","            break;","        }","        // export local","        local.global.local = local;","    }());","","","","    // run shared js-env code - function","    (function () {","        return;","    }());","    switch (local.modeJs) {","","","","    // run browser js-env code - function","    case 'browser':","        break;","","","","    // run node js-env code - function","    case 'node':","        break;","    }","","","","    // run shared js-env code - init-after","    (function () {","        return;","    }());","    switch (local.modeJs) {","","","","    // run browser js-env code - init-after","    case 'browser':","        local.testCase_browser_nullCase = local.testCase_browser_nullCase || function (","            options,","            onError","        ) {","        /*","         * this function will test browsers's null-case handling-behavior-behavior","         */","            onError(null, options);","        };","","        // run tests","        local.nop(local.modeTest &&","            document.querySelector('#testRunButton1') &&","            document.querySelector('#testRunButton1').click());","        break;","","","","    // run node js-env code - init-after","    /* istanbul ignore next */","    case 'node':","        local.testCase_buildApidoc_default = local.testCase_buildApidoc_default || function (","            options,","            onError","        ) {","        /*","         * this function will test buildApidoc's default handling-behavior-behavior","         */","            options = { modulePathList: module.paths };","            local.buildApidoc(options, onError);","        };","","        local.testCase_buildApp_default = local.testCase_buildApp_default || function (","            options,","            onError","        ) {","        /*","         * this function will test buildApp's default handling-behavior-behavior","         */","            local.testCase_buildReadme_default(options, local.onErrorThrow);","            local.testCase_buildLib_default(options, local.onErrorThrow);","            local.testCase_buildTest_default(options, local.onErrorThrow);","            local.testCase_buildCustomOrg_default(options, local.onErrorThrow);","            options = [];","            local.buildApp(options, onError);","        };","","        local.testCase_buildCustomOrg_default = local.testCase_buildCustomOrg_default ||","            function (options, onError) {","            /*","             * this function will test buildCustomOrg's default handling-behavior","             */","                options = {};","                local.buildCustomOrg(options, onError);","            };","","        local.testCase_buildLib_default = local.testCase_buildLib_default || function (","            options,","            onError","        ) {","        /*","         * this function will test buildLib's default handling-behavior","         */","            options = {};","            local.buildLib(options, onError);","        };","","        local.testCase_buildReadme_default = local.testCase_buildReadme_default || function (","            options,","            onError","        ) {","        /*","         * this function will test buildReadme's default handling-behavior-behavior","         */","            options = {};","            local.buildReadme(options, onError);","        };","","        local.testCase_buildTest_default = local.testCase_buildTest_default || function (","            options,","            onError","        ) {","        /*","         * this function will test buildTest's default handling-behavior","         */","            options = {};","            local.buildTest(options, onError);","        };","","        local.testCase_webpage_default = local.testCase_webpage_default || function (","            options,","            onError","        ) {","        /*","         * this function will test webpage's default handling-behavior","         */","            options = { modeCoverageMerge: true, url: local.serverLocalHost + '?modeTest=1' };","            local.browserTest(options, onError);","        };","","        // run test-server","        local.testRunServer(local);","        break;","    }","}());",""],"l":{"12":2,"14":2,"19":2,"21":2,"23":2,"24":2,"25":2,"30":1,"37":2,"40":2,"43":1,"47":1,"50":1,"52":1,"55":2,"61":2,"62":2,"64":2,"70":1,"76":1,"82":2,"83":2,"85":2,"91":1,"98":1,"102":1,"105":1,"112":1,"119":1,"120":1,"123":1,"130":1,"131":1,"132":1,"133":1,"134":1,"135":1,"138":1,"143":2,"144":2,"147":1,"154":2,"155":2,"158":1,"165":2,"166":2,"169":1,"176":2,"177":2,"180":1,"187":1,"188":1,"192":1,"193":1}},"/home/travis/build/npmtest/node-npmtest-sw-toolbox/lib.npmtest_sw_toolbox.js":{"path":"/home/travis/build/npmtest/node-npmtest-sw-toolbox/lib.npmtest_sw_toolbox.js","s":{"1":2,"2":2,"3":2,"4":2,"5":2,"6":2,"7":2,"8":1,"9":2,"10":2,"11":2,"12":2,"13":1,"14":1,"15":1,"16":1},"b":{"1":[2,1,1,1],"2":[1,1,1,1],"3":[1,1],"4":[2,2],"5":[1,1]},"f":{"1":2,"2":2,"3":2},"fnMap":{"1":{"name":"(anonymous_1)","line":12,"loc":{"start":{"line":12,"column":1},"end":{"line":12,"column":13}}},"2":{"name":"(anonymous_2)","line":19,"loc":{"start":{"line":19,"column":5},"end":{"line":19,"column":17}}},"3":{"name":"(anonymous_3)","line":23,"loc":{"start":{"line":23,"column":24},"end":{"line":23,"column":36}}}},"statementMap":{"1":{"start":{"line":12,"column":0},"end":{"line":53,"column":5}},"2":{"start":{"line":14,"column":4},"end":{"line":14,"column":14}},"3":{"start":{"line":19,"column":4},"end":{"line":52,"column":9}},"4":{"start":{"line":21,"column":8},"end":{"line":21,"column":19}},"5":{"start":{"line":23,"column":8},"end":{"line":35,"column":13}},"6":{"start":{"line":24,"column":12},"end":{"line":34,"column":13}},"7":{"start":{"line":25,"column":16},"end":{"line":28,"column":30}},"8":{"start":{"line":30,"column":16},"end":{"line":33,"column":27}},"9":{"start":{"line":37,"column":8},"end":{"line":39,"column":21}},"10":{"start":{"line":41,"column":8},"end":{"line":41,"column":54}},"11":{"start":{"line":43,"column":8},"end":{"line":43,"column":55}},"12":{"start":{"line":45,"column":8},"end":{"line":51,"column":9}},"13":{"start":{"line":46,"column":12},"end":{"line":46,"column":61}},"14":{"start":{"line":48,"column":12},"end":{"line":48,"column":35}},"15":{"start":{"line":49,"column":12},"end":{"line":49,"column":49}},"16":{"start":{"line":50,"column":12},"end":{"line":50,"column":43}}},"branchMap":{"1":{"line":25,"type":"binary-expr","locations":[{"start":{"line":25,"column":23},"end":{"line":25,"column":62}},{"start":{"line":26,"column":20},"end":{"line":26,"column":70}},{"start":{"line":27,"column":20},"end":{"line":27,"column":71}},{"start":{"line":28,"column":20},"end":{"line":28,"column":29}}]},"2":{"line":30,"type":"binary-expr","locations":[{"start":{"line":30,"column":23},"end":{"line":30,"column":37}},{"start":{"line":31,"column":20},"end":{"line":31,"column":61}},{"start":{"line":32,"column":20},"end":{"line":32,"column":70}},{"start":{"line":33,"column":20},"end":{"line":33,"column":26}}]},"3":{"line":37,"type":"cond-expr","locations":[{"start":{"line":38,"column":14},"end":{"line":38,"column":20}},{"start":{"line":39,"column":14},"end":{"line":39,"column":20}}]},"4":{"line":41,"type":"binary-expr","locations":[{"start":{"line":41,"column":16},"end":{"line":41,"column":44}},{"start":{"line":41,"column":48},"end":{"line":41,"column":53}}]},"5":{"line":45,"type":"if","locations":[{"start":{"line":45,"column":8},"end":{"line":45,"column":8}},{"start":{"line":45,"column":8},"end":{"line":45,"column":8}}]}},"code":["/* istanbul instrument in package npmtest_sw_toolbox */","/*jslint","    bitwise: true,","    browser: true,","    maxerr: 8,","    maxlen: 96,","    node: true,","    nomen: true,","    regexp: true,","    stupid: true","*/","(function () {","    'use strict';","    var local;","","","","    // run shared js-env code - init-before","    (function () {","        // init local","        local = {};","        // init modeJs","        local.modeJs = (function () {","            try {","                return typeof navigator.userAgent === 'string' &&","                    typeof document.querySelector('body') === 'object' &&","                    typeof XMLHttpRequest.prototype.open === 'function' &&","                    'browser';","            } catch (errorCaughtBrowser) {","                return module.exports &&","                    typeof process.versions.node === 'string' &&","                    typeof require('http').createServer === 'function' &&","                    'node';","            }","        }());","        // init global","        local.global = local.modeJs === 'browser'","            ? window","            : global;","        // init utility2_rollup","        local = local.global.utility2_rollup || local;","        // init lib","        local.local = local.npmtest_sw_toolbox = local;","        // init exports","        if (local.modeJs === 'browser') {","            local.global.utility2_npmtest_sw_toolbox = local;","        } else {","            module.exports = local;","            module.exports.__dirname = __dirname;","            module.exports.module = module;","        }","    }());","}());",""],"l":{"12":2,"14":2,"19":2,"21":2,"23":2,"24":2,"25":2,"30":1,"37":2,"41":2,"43":2,"45":2,"46":1,"48":1,"49":1,"50":1}},"/home/travis/build/npmtest/node-npmtest-sw-toolbox/example.js":{"path":"/home/travis/build/npmtest/node-npmtest-sw-toolbox/example.js","s":{"1":2,"2":2,"3":2,"4":2,"5":2,"6":2,"7":2,"8":1,"9":2,"10":2,"11":2,"12":2,"13":1,"14":2,"15":2,"16":2,"17":2,"18":2,"19":0,"20":2,"21":1,"22":1,"23":1,"24":1,"25":1,"26":0,"27":0,"28":1,"29":1,"30":2,"31":0,"32":0,"33":0,"34":1,"35":2,"36":2,"37":3,"38":3,"39":3,"40":3,"41":0,"42":3,"43":3,"44":3,"45":1,"46":3,"47":1,"48":1,"49":1,"50":1,"51":1,"52":1,"53":1,"54":1,"55":1,"56":1,"57":0,"58":1,"59":6,"60":6,"61":1,"62":2,"63":0,"64":2,"65":1,"66":1,"67":0,"68":0,"69":0,"70":0,"71":0,"72":0,"73":0,"74":0,"75":0,"76":0,"77":0,"78":0,"79":0,"80":0,"81":0,"82":0,"83":0},"b":{"1":[2,1,1,1],"2":[1,1,1,1],"3":[1,1],"4":[2,2],"5":[1,1],"6":[1,1],"7":[2,0],"8":[2,1,1,1,1,1],"9":[0,2,0],"10":[1,1],"11":[2,1,1],"12":[1,0],"13":[0,2],"14":[2,0,0,0,0,0,0],"15":[0,3],"16":[3,0],"17":[1,1],"18":[0,1],"19":[1,2,0,2],"20":[1,0],"21":[1,1],"22":[0,0],"23":[0,0],"24":[0,0],"25":[0,0],"26":[0,0],"27":[0,0],"28":[0,0]},"f":{"1":2,"2":2,"3":2,"4":2,"5":2,"6":2,"7":3,"8":3,"9":3,"10":1,"11":6,"12":0},"fnMap":{"1":{"name":"(anonymous_1)","line":26,"loc":{"start":{"line":26,"column":1},"end":{"line":26,"column":13}}},"2":{"name":"(anonymous_2)","line":33,"loc":{"start":{"line":33,"column":5},"end":{"line":33,"column":17}}},"3":{"name":"(anonymous_3)","line":37,"loc":{"start":{"line":37,"column":24},"end":{"line":37,"column":36}}},"4":{"name":"(anonymous_4)","line":69,"loc":{"start":{"line":69,"column":31},"end":{"line":69,"column":48}},"skip":true},"5":{"name":"(anonymous_5)","line":78,"loc":{"start":{"line":78,"column":26},"end":{"line":78,"column":45}},"skip":true},"6":{"name":"(anonymous_6)","line":123,"loc":{"start":{"line":123,"column":33},"end":{"line":123,"column":48}},"skip":true},"7":{"name":"(anonymous_7)","line":125,"loc":{"start":{"line":125,"column":27},"end":{"line":125,"column":39}},"skip":true},"8":{"name":"(anonymous_8)","line":133,"loc":{"start":{"line":133,"column":59},"end":{"line":133,"column":74}},"skip":true},"9":{"name":"(anonymous_9)","line":143,"loc":{"start":{"line":143,"column":45},"end":{"line":143,"column":62}},"skip":true},"10":{"name":"(anonymous_10)","line":144,"loc":{"start":{"line":144,"column":73},"end":{"line":144,"column":92}},"skip":true},"11":{"name":"(anonymous_11)","line":272,"loc":{"start":{"line":272,"column":51},"end":{"line":272,"column":77}},"skip":true},"12":{"name":"(anonymous_12)","line":315,"loc":{"start":{"line":315,"column":32},"end":{"line":315,"column":61}},"skip":true}},"statementMap":{"1":{"start":{"line":26,"column":0},"end":{"line":326,"column":5}},"2":{"start":{"line":28,"column":4},"end":{"line":28,"column":14}},"3":{"start":{"line":33,"column":4},"end":{"line":60,"column":9}},"4":{"start":{"line":35,"column":8},"end":{"line":35,"column":19}},"5":{"start":{"line":37,"column":8},"end":{"line":49,"column":13}},"6":{"start":{"line":38,"column":12},"end":{"line":48,"column":13}},"7":{"start":{"line":39,"column":16},"end":{"line":42,"column":30}},"8":{"start":{"line":44,"column":16},"end":{"line":47,"column":27}},"9":{"start":{"line":51,"column":8},"end":{"line":53,"column":21}},"10":{"start":{"line":55,"column":8},"end":{"line":57,"column":45}},"11":{"start":{"line":59,"column":8},"end":{"line":59,"column":35}},"12":{"start":{"line":61,"column":4},"end":{"line":325,"column":5}},"13":{"start":{"line":69,"column":8},"end":{"line":121,"column":10},"skip":true},"14":{"start":{"line":70,"column":12},"end":{"line":88,"column":13},"skip":true},"15":{"start":{"line":76,"column":16},"end":{"line":87,"column":19},"skip":true},"16":{"start":{"line":79,"column":20},"end":{"line":86,"column":21},"skip":true},"17":{"start":{"line":82,"column":24},"end":{"line":82,"column":43},"skip":true},"18":{"start":{"line":83,"column":24},"end":{"line":83,"column":30},"skip":true},"19":{"start":{"line":85,"column":24},"end":{"line":85,"column":49},"skip":true},"20":{"start":{"line":89,"column":12},"end":{"line":107,"column":13},"skip":true},"21":{"start":{"line":92,"column":16},"end":{"line":102,"column":17},"skip":true},"22":{"start":{"line":93,"column":20},"end":{"line":93,"column":86},"skip":true},"23":{"start":{"line":94,"column":20},"end":{"line":95,"column":45},"skip":true},"24":{"start":{"line":96,"column":20},"end":{"line":96,"column":42},"skip":true},"25":{"start":{"line":97,"column":20},"end":{"line":97,"column":48},"skip":true},"26":{"start":{"line":100,"column":20},"end":{"line":100,"column":85},"skip":true},"27":{"start":{"line":101,"column":20},"end":{"line":101,"column":96},"skip":true},"28":{"start":{"line":103,"column":16},"end":{"line":103,"column":22},"skip":true},"29":{"start":{"line":106,"column":16},"end":{"line":106,"column":22},"skip":true},"30":{"start":{"line":108,"column":12},"end":{"line":120,"column":13},"skip":true},"31":{"start":{"line":114,"column":16},"end":{"line":119,"column":17},"skip":true},"32":{"start":{"line":116,"column":20},"end":{"line":116,"column":78},"skip":true},"33":{"start":{"line":118,"column":20},"end":{"line":118,"column":47},"skip":true},"34":{"start":{"line":123,"column":8},"end":{"line":141,"column":11},"skip":true},"35":{"start":{"line":124,"column":12},"end":{"line":124,"column":54},"skip":true},"36":{"start":{"line":125,"column":12},"end":{"line":140,"column":14},"skip":true},"37":{"start":{"line":126,"column":16},"end":{"line":126,"column":28},"skip":true},"38":{"start":{"line":127,"column":16},"end":{"line":127,"column":69},"skip":true},"39":{"start":{"line":128,"column":16},"end":{"line":128,"column":75},"skip":true},"40":{"start":{"line":129,"column":16},"end":{"line":131,"column":17},"skip":true},"41":{"start":{"line":130,"column":20},"end":{"line":130,"column":27},"skip":true},"42":{"start":{"line":133,"column":16},"end":{"line":137,"column":36},"skip":true},"43":{"start":{"line":134,"column":20},"end":{"line":136,"column":55},"skip":true},"44":{"start":{"line":139,"column":16},"end":{"line":139,"column":57},"skip":true},"45":{"start":{"line":143,"column":8},"end":{"line":147,"column":11},"skip":true},"46":{"start":{"line":144,"column":12},"end":{"line":146,"column":15},"skip":true},"47":{"start":{"line":145,"column":16},"end":{"line":145,"column":70},"skip":true},"48":{"start":{"line":149,"column":8},"end":{"line":149,"column":31},"skip":true},"49":{"start":{"line":150,"column":8},"end":{"line":150,"column":14},"skip":true},"50":{"start":{"line":158,"column":8},"end":{"line":158,"column":31},"skip":true},"51":{"start":{"line":160,"column":8},"end":{"line":160,"column":33},"skip":true},"52":{"start":{"line":161,"column":8},"end":{"line":161,"column":37},"skip":true},"53":{"start":{"line":162,"column":8},"end":{"line":162,"column":35},"skip":true},"54":{"start":{"line":164,"column":8},"end":{"line":164,"column":50},"skip":true},"55":{"start":{"line":166,"column":8},"end":{"line":256,"column":2},"skip":true},"56":{"start":{"line":258,"column":8},"end":{"line":286,"column":9},"skip":true},"57":{"start":{"line":259,"column":12},"end":{"line":269,"column":14},"skip":true},"58":{"start":{"line":271,"column":12},"end":{"line":285,"column":19},"skip":true},"59":{"start":{"line":274,"column":20},"end":{"line":274,"column":35},"skip":true},"60":{"start":{"line":275,"column":20},"end":{"line":284,"column":21},"skip":true},"61":{"start":{"line":277,"column":24},"end":{"line":277,"column":64},"skip":true},"62":{"start":{"line":279,"column":24},"end":{"line":279,"column":40},"skip":true},"63":{"start":{"line":281,"column":24},"end":{"line":281,"column":40},"skip":true},"64":{"start":{"line":283,"column":24},"end":{"line":283,"column":39},"skip":true},"65":{"start":{"line":288,"column":8},"end":{"line":290,"column":9},"skip":true},"66":{"start":{"line":289,"column":12},"end":{"line":289,"column":18},"skip":true},"67":{"start":{"line":291,"column":8},"end":{"line":293,"column":54},"skip":true},"68":{"start":{"line":296,"column":8},"end":{"line":301,"column":37},"skip":true},"69":{"start":{"line":303,"column":8},"end":{"line":303,"column":82},"skip":true},"70":{"start":{"line":306,"column":8},"end":{"line":308,"column":9},"skip":true},"71":{"start":{"line":307,"column":12},"end":{"line":307,"column":82},"skip":true},"72":{"start":{"line":310,"column":8},"end":{"line":312,"column":9},"skip":true},"73":{"start":{"line":311,"column":12},"end":{"line":311,"column":18},"skip":true},"74":{"start":{"line":313,"column":8},"end":{"line":313,"column":54},"skip":true},"75":{"start":{"line":314,"column":8},"end":{"line":314,"column":69},"skip":true},"76":{"start":{"line":315,"column":8},"end":{"line":323,"column":36},"skip":true},"77":{"start":{"line":316,"column":12},"end":{"line":316,"column":61},"skip":true},"78":{"start":{"line":317,"column":12},"end":{"line":320,"column":13},"skip":true},"79":{"start":{"line":318,"column":16},"end":{"line":318,"column":75},"skip":true},"80":{"start":{"line":319,"column":16},"end":{"line":319,"column":23},"skip":true},"81":{"start":{"line":321,"column":12},"end":{"line":321,"column":38},"skip":true},"82":{"start":{"line":322,"column":12},"end":{"line":322,"column":27},"skip":true},"83":{"start":{"line":324,"column":8},"end":{"line":324,"column":14},"skip":true}},"branchMap":{"1":{"line":39,"type":"binary-expr","locations":[{"start":{"line":39,"column":23},"end":{"line":39,"column":62}},{"start":{"line":40,"column":20},"end":{"line":40,"column":70}},{"start":{"line":41,"column":20},"end":{"line":41,"column":71}},{"start":{"line":42,"column":20},"end":{"line":42,"column":29}}]},"2":{"line":44,"type":"binary-expr","locations":[{"start":{"line":44,"column":23},"end":{"line":44,"column":37}},{"start":{"line":45,"column":20},"end":{"line":45,"column":61}},{"start":{"line":46,"column":20},"end":{"line":46,"column":70}},{"start":{"line":47,"column":20},"end":{"line":47,"column":26}}]},"3":{"line":51,"type":"cond-expr","locations":[{"start":{"line":52,"column":14},"end":{"line":52,"column":20}},{"start":{"line":53,"column":14},"end":{"line":53,"column":20}}]},"4":{"line":55,"type":"binary-expr","locations":[{"start":{"line":55,"column":16},"end":{"line":55,"column":44}},{"start":{"line":55,"column":49},"end":{"line":57,"column":43}}]},"5":{"line":55,"type":"cond-expr","locations":[{"start":{"line":56,"column":14},"end":{"line":56,"column":54}},{"start":{"line":57,"column":14},"end":{"line":57,"column":43}}]},"6":{"line":61,"type":"switch","locations":[{"start":{"line":68,"column":4},"end":{"line":150,"column":14},"skip":true},{"start":{"line":156,"column":4},"end":{"line":324,"column":14},"skip":true}]},"7":{"line":70,"type":"if","locations":[{"start":{"line":70,"column":12},"end":{"line":70,"column":12},"skip":true},{"start":{"line":70,"column":12},"end":{"line":70,"column":12},"skip":true}]},"8":{"line":70,"type":"binary-expr","locations":[{"start":{"line":70,"column":16},"end":{"line":70,"column":22},"skip":true},{"start":{"line":70,"column":27},"end":{"line":70,"column":32},"skip":true},{"start":{"line":71,"column":20},"end":{"line":71,"column":39},"skip":true},{"start":{"line":72,"column":20},"end":{"line":72,"column":49},"skip":true},{"start":{"line":73,"column":20},"end":{"line":73,"column":58},"skip":true},{"start":{"line":74,"column":20},"end":{"line":74,"column":69},"skip":true}]},"9":{"line":79,"type":"switch","locations":[{"start":{"line":80,"column":20},"end":{"line":80,"column":33},"skip":true},{"start":{"line":81,"column":20},"end":{"line":83,"column":30},"skip":true},{"start":{"line":84,"column":20},"end":{"line":85,"column":49},"skip":true}]},"10":{"line":89,"type":"switch","locations":[{"start":{"line":90,"column":12},"end":{"line":103,"column":22},"skip":true},{"start":{"line":105,"column":12},"end":{"line":106,"column":22},"skip":true}]},"11":{"line":89,"type":"binary-expr","locations":[{"start":{"line":89,"column":20},"end":{"line":89,"column":25},"skip":true},{"start":{"line":89,"column":29},"end":{"line":89,"column":48},"skip":true},{"start":{"line":89,"column":52},"end":{"line":89,"column":74},"skip":true}]},"12":{"line":92,"type":"if","locations":[{"start":{"line":92,"column":16},"end":{"line":92,"column":16},"skip":true},{"start":{"line":92,"column":16},"end":{"line":92,"column":16},"skip":true}]},"13":{"line":108,"type":"if","locations":[{"start":{"line":108,"column":12},"end":{"line":108,"column":12},"skip":true},{"start":{"line":108,"column":12},"end":{"line":108,"column":12},"skip":true}]},"14":{"line":108,"type":"binary-expr","locations":[{"start":{"line":108,"column":16},"end":{"line":108,"column":61},"skip":true},{"start":{"line":108,"column":66},"end":{"line":108,"column":72},"skip":true},{"start":{"line":108,"column":77},"end":{"line":108,"column":82},"skip":true},{"start":{"line":109,"column":20},"end":{"line":109,"column":39},"skip":true},{"start":{"line":110,"column":20},"end":{"line":110,"column":49},"skip":true},{"start":{"line":111,"column":20},"end":{"line":111,"column":58},"skip":true},{"start":{"line":112,"column":20},"end":{"line":112,"column":68},"skip":true}]},"15":{"line":129,"type":"if","locations":[{"start":{"line":129,"column":16},"end":{"line":129,"column":16},"skip":true},{"start":{"line":129,"column":16},"end":{"line":129,"column":16},"skip":true}]},"16":{"line":134,"type":"cond-expr","locations":[{"start":{"line":135,"column":26},"end":{"line":135,"column":29},"skip":true},{"start":{"line":136,"column":26},"end":{"line":136,"column":54},"skip":true}]},"17":{"line":164,"type":"binary-expr","locations":[{"start":{"line":164,"column":27},"end":{"line":164,"column":43},"skip":true},{"start":{"line":164,"column":47},"end":{"line":164,"column":49},"skip":true}]},"18":{"line":258,"type":"if","locations":[{"start":{"line":258,"column":8},"end":{"line":258,"column":8},"skip":true},{"start":{"line":258,"column":8},"end":{"line":258,"column":8},"skip":true}]},"19":{"line":275,"type":"switch","locations":[{"start":{"line":276,"column":20},"end":{"line":277,"column":64},"skip":true},{"start":{"line":278,"column":20},"end":{"line":279,"column":40},"skip":true},{"start":{"line":280,"column":20},"end":{"line":281,"column":40},"skip":true},{"start":{"line":282,"column":20},"end":{"line":283,"column":39},"skip":true}]},"20":{"line":288,"type":"if","locations":[{"start":{"line":288,"column":8},"end":{"line":288,"column":8},"skip":true},{"start":{"line":288,"column":8},"end":{"line":288,"column":8},"skip":true}]},"21":{"line":288,"type":"binary-expr","locations":[{"start":{"line":288,"column":12},"end":{"line":288,"column":40},"skip":true},{"start":{"line":288,"column":44},"end":{"line":288,"column":67},"skip":true}]},"22":{"line":292,"type":"binary-expr","locations":[{"start":{"line":292,"column":12},"end":{"line":292,"column":50},"skip":true},{"start":{"line":293,"column":12},"end":{"line":293,"column":53},"skip":true}]},"23":{"line":297,"type":"binary-expr","locations":[{"start":{"line":297,"column":12},"end":{"line":297,"column":68},"skip":true},{"start":{"line":298,"column":12},"end":{"line":301,"column":36},"skip":true}]},"24":{"line":303,"type":"binary-expr","locations":[{"start":{"line":303,"column":43},"end":{"line":303,"column":75},"skip":true},{"start":{"line":303,"column":79},"end":{"line":303,"column":81},"skip":true}]},"25":{"line":306,"type":"if","locations":[{"start":{"line":306,"column":8},"end":{"line":306,"column":8},"skip":true},{"start":{"line":306,"column":8},"end":{"line":306,"column":8},"skip":true}]},"26":{"line":310,"type":"if","locations":[{"start":{"line":310,"column":8},"end":{"line":310,"column":8},"skip":true},{"start":{"line":310,"column":8},"end":{"line":310,"column":8},"skip":true}]},"27":{"line":313,"type":"binary-expr","locations":[{"start":{"line":313,"column":27},"end":{"line":313,"column":43},"skip":true},{"start":{"line":313,"column":47},"end":{"line":313,"column":53},"skip":true}]},"28":{"line":317,"type":"if","locations":[{"start":{"line":317,"column":12},"end":{"line":317,"column":12},"skip":true},{"start":{"line":317,"column":12},"end":{"line":317,"column":12},"skip":true}]}},"code":["/*","example.js","","quickstart example","","instruction","    1. save this script as example.js","    2. run the shell command:","        $ npm install npmtest-sw-toolbox && PORT=8081 node example.js","    3. play with the browser-demo on http://127.0.0.1:8081","*/","","","","/* istanbul instrument in package npmtest_sw_toolbox */","/*jslint","    bitwise: true,","    browser: true,","    maxerr: 8,","    maxlen: 96,","    node: true,","    nomen: true,","    regexp: true,","    stupid: true","*/","(function () {","    'use strict';","    var local;","","","","    // run shared js-env code - init-before","    (function () {","        // init local","        local = {};","        // init modeJs","        local.modeJs = (function () {","            try {","                return typeof navigator.userAgent === 'string' &&","                    typeof document.querySelector('body') === 'object' &&","                    typeof XMLHttpRequest.prototype.open === 'function' &&","                    'browser';","            } catch (errorCaughtBrowser) {","                return module.exports &&","                    typeof process.versions.node === 'string' &&","                    typeof require('http').createServer === 'function' &&","                    'node';","            }","        }());","        // init global","        local.global = local.modeJs === 'browser'","            ? window","            : global;","        // init utility2_rollup","        local = local.global.utility2_rollup || (local.modeJs === 'browser'","            ? local.global.utility2_npmtest_sw_toolbox","            : global.utility2_moduleExports);","        // export local","        local.global.local = local;","    }());","    switch (local.modeJs) {","","","","    // init-after","    // run browser js-env code - init-after","    /* istanbul ignore next */","    case 'browser':","        local.testRunBrowser = function (event) {","            if (!event || (event &&","                    event.currentTarget &&","                    event.currentTarget.className &&","                    event.currentTarget.className.includes &&","                    event.currentTarget.className.includes('onreset'))) {","                // reset output","                Array.from(","                    document.querySelectorAll('body > .resettable')","                ).forEach(function (element) {","                    switch (element.tagName) {","                    case 'INPUT':","                    case 'TEXTAREA':","                        element.value = '';","                        break;","                    default:","                        element.textContent = '';","                    }","                });","            }","            switch (event && event.currentTarget && event.currentTarget.id) {","            case 'testRunButton1':","                // show tests","                if (document.querySelector('#testReportDiv1').style.display === 'none') {","                    document.querySelector('#testReportDiv1').style.display = 'block';","                    document.querySelector('#testRunButton1').textContent =","                        'hide internal test';","                    local.modeTest = true;","                    local.testRunDefault(local);","                // hide tests","                } else {","                    document.querySelector('#testReportDiv1').style.display = 'none';","                    document.querySelector('#testRunButton1').textContent = 'run internal test';","                }","                break;","            // custom-case","            default:","                break;","            }","            if (document.querySelector('#inputTextareaEval1') && (!event || (event &&","                    event.currentTarget &&","                    event.currentTarget.className &&","                    event.currentTarget.className.includes &&","                    event.currentTarget.className.includes('oneval')))) {","                // try to eval input-code","                try {","                    /*jslint evil: true*/","                    eval(document.querySelector('#inputTextareaEval1').value);","                } catch (errorCaught) {","                    console.error(errorCaught);","                }","            }","        };","        // log stderr and stdout to #outputTextareaStdout1","        ['error', 'log'].forEach(function (key) {","            console[key + '_original'] = console[key];","            console[key] = function () {","                var element;","                console[key + '_original'].apply(console, arguments);","                element = document.querySelector('#outputTextareaStdout1');","                if (!element) {","                    return;","                }","                // append text to #outputTextareaStdout1","                element.value += Array.from(arguments).map(function (arg) {","                    return typeof arg === 'string'","                        ? arg","                        : JSON.stringify(arg, null, 4);","                }).join(' ') + '\\n';","                // scroll textarea to bottom","                element.scrollTop = element.scrollHeight;","            };","        });","        // init event-handling","        ['change', 'click', 'keyup'].forEach(function (event) {","            Array.from(document.querySelectorAll('.on' + event)).forEach(function (element) {","                element.addEventListener(event, local.testRunBrowser);","            });","        });","        // run tests","        local.testRunBrowser();","        break;","","","","    // run node js-env code - init-after","    /* istanbul ignore next */","    case 'node':","        // export local","        module.exports = local;","        // require modules","        local.fs = require('fs');","        local.http = require('http');","        local.url = require('url');","        // init assets","        local.assetsDict = local.assetsDict || {};","        /* jslint-ignore-begin */","        local.assetsDict['/assets.index.template.html'] = '\\","<!doctype html>\\n\\","<html lang=\"en\">\\n\\","<head>\\n\\","<meta charset=\"UTF-8\">\\n\\","<meta name=\"viewport\" content=\"width=device-width, initial-scale=1\">\\n\\","<title>{{env.npm_package_name}} (v{{env.npm_package_version}})</title>\\n\\","<style>\\n\\","/*csslint\\n\\","    box-sizing: false,\\n\\","    universal-selector: false\\n\\","*/\\n\\","* {\\n\\","    box-sizing: border-box;\\n\\","}\\n\\","body {\\n\\","    background: #dde;\\n\\","    font-family: Arial, Helvetica, sans-serif;\\n\\","    margin: 2rem;\\n\\","}\\n\\","body > * {\\n\\","    margin-bottom: 1rem;\\n\\","}\\n\\",".utility2FooterDiv {\\n\\","    margin-top: 20px;\\n\\","    text-align: center;\\n\\","}\\n\\","</style>\\n\\","<style>\\n\\","/*csslint\\n\\","*/\\n\\","textarea {\\n\\","    font-family: monospace;\\n\\","    height: 10rem;\\n\\","    width: 100%;\\n\\","}\\n\\","textarea[readonly] {\\n\\","    background: #ddd;\\n\\","}\\n\\","</style>\\n\\","</head>\\n\\","<body>\\n\\","<!-- utility2-comment\\n\\","<div id=\"ajaxProgressDiv1\" style=\"background: #d00; height: 2px; left: 0; margin: 0; padding: 0; position: fixed; top: 0; transition: background 0.5s, width 1.5s; width: 25%;\"></div>\\n\\","utility2-comment -->\\n\\","<h1>\\n\\","<!-- utility2-comment\\n\\","    <a\\n\\","        {{#if env.npm_package_homepage}}\\n\\","        href=\"{{env.npm_package_homepage}}\"\\n\\","        {{/if env.npm_package_homepage}}\\n\\","        target=\"_blank\"\\n\\","    >\\n\\","utility2-comment -->\\n\\","        {{env.npm_package_name}} (v{{env.npm_package_version}})\\n\\","<!-- utility2-comment\\n\\","    </a>\\n\\","utility2-comment -->\\n\\","</h1>\\n\\","<h3>{{env.npm_package_description}}</h3>\\n\\","<!-- utility2-comment\\n\\","<h4><a download href=\"assets.app.js\">download standalone app</a></h4>\\n\\","<button class=\"onclick onreset\" id=\"testRunButton1\">run internal test</button><br>\\n\\","<div id=\"testReportDiv1\" style=\"display: none;\"></div>\\n\\","utility2-comment -->\\n\\","\\n\\","\\n\\","\\n\\","<label>stderr and stdout</label>\\n\\","<textarea class=\"resettable\" id=\"outputTextareaStdout1\" readonly></textarea>\\n\\","<!-- utility2-comment\\n\\","{{#if isRollup}}\\n\\","<script src=\"assets.app.js\"></script>\\n\\","{{#unless isRollup}}\\n\\","utility2-comment -->\\n\\","<script src=\"assets.utility2.rollup.js\"></script>\\n\\","<script src=\"jsonp.utility2._stateInit?callback=window.utility2._stateInit\"></script>\\n\\","<script src=\"assets.npmtest_sw_toolbox.rollup.js\"></script>\\n\\","<script src=\"assets.example.js\"></script>\\n\\","<script src=\"assets.test.js\"></script>\\n\\","<!-- utility2-comment\\n\\","{{/if isRollup}}\\n\\","utility2-comment -->\\n\\","<div class=\"utility2FooterDiv\">\\n\\","    [ this app was created with\\n\\","    <a href=\"https://github.com/kaizhu256/node-utility2\" target=\"_blank\">utility2</a>\\n\\","    ]\\n\\","</div>\\n\\","</body>\\n\\","</html>\\n\\","';","        /* jslint-ignore-end */","        if (local.templateRender) {","            local.assetsDict['/'] = local.templateRender(","                local.assetsDict['/assets.index.template.html'],","                {","                    env: local.objectSetDefault(local.env, {","                        npm_package_description: 'the greatest app in the world!',","                        npm_package_name: 'my-app',","                        npm_package_nameAlias: 'my_app',","                        npm_package_version: '0.0.1'","                    })","                }","            );","        } else {","            local.assetsDict['/'] = local.assetsDict['/assets.index.template.html']","                .replace((/\\{\\{env\\.(\\w+?)\\}\\}/g), function (match0, match1) {","                    // jslint-hack","                    String(match0);","                    switch (match1) {","                    case 'npm_package_description':","                        return 'the greatest app in the world!';","                    case 'npm_package_name':","                        return 'my-app';","                    case 'npm_package_nameAlias':","                        return 'my_app';","                    case 'npm_package_version':","                        return '0.0.1';","                    }","                });","        }","        // run the cli","        if (local.global.utility2_rollup || module !== require.main) {","            break;","        }","        local.assetsDict['/assets.example.js'] =","            local.assetsDict['/assets.example.js'] ||","            local.fs.readFileSync(__filename, 'utf8');","        // bug-workaround - long $npm_package_buildCustomOrg","        /* jslint-ignore-begin */","        local.assetsDict['/assets.npmtest_sw_toolbox.rollup.js'] =","            local.assetsDict['/assets.npmtest_sw_toolbox.rollup.js'] ||","            local.fs.readFileSync(","                local.npmtest_sw_toolbox.__dirname + '/lib.npmtest_sw_toolbox.js',","                'utf8'","            ).replace((/^#!/), '//');","        /* jslint-ignore-end */","        local.assetsDict['/favicon.ico'] = local.assetsDict['/favicon.ico'] || '';","        // if $npm_config_timeout_exit exists,","        // then exit this process after $npm_config_timeout_exit ms","        if (Number(process.env.npm_config_timeout_exit)) {","            setTimeout(process.exit, Number(process.env.npm_config_timeout_exit));","        }","        // start server","        if (local.global.utility2_serverHttp1) {","            break;","        }","        process.env.PORT = process.env.PORT || '8081';","        console.error('server starting on port ' + process.env.PORT);","        local.http.createServer(function (request, response) {","            request.urlParsed = local.url.parse(request.url);","            if (local.assetsDict[request.urlParsed.pathname] !== undefined) {","                response.end(local.assetsDict[request.urlParsed.pathname]);","                return;","            }","            response.statusCode = 404;","            response.end();","        }).listen(process.env.PORT);","        break;","    }","}());",""],"l":{"26":2,"28":2,"33":2,"35":2,"37":2,"38":2,"39":2,"44":1,"51":2,"55":2,"59":2,"61":2,"69":1,"70":2,"76":2,"79":2,"82":2,"83":2,"85":1,"89":2,"92":1,"93":1,"94":1,"96":1,"97":1,"100":1,"101":1,"103":1,"106":1,"108":2,"114":1,"116":1,"118":1,"123":1,"124":2,"125":2,"126":3,"127":3,"128":3,"129":3,"130":1,"133":3,"134":3,"139":3,"143":1,"144":3,"145":1,"149":1,"150":1,"158":1,"160":1,"161":1,"162":1,"164":1,"166":1,"258":1,"259":1,"271":1,"274":6,"275":6,"277":1,"279":2,"281":1,"283":2,"288":1,"289":1,"291":1,"296":1,"303":1,"306":1,"307":1,"310":1,"311":1,"313":1,"314":1,"315":1,"316":1,"317":1,"318":1,"319":1,"321":1,"322":1,"324":1}},"/home/travis/build/npmtest/node-npmtest-sw-toolbox/node_modules/sw-toolbox/lib/sw-toolbox.js":{"path":"/home/travis/build/npmtest/node-npmtest-sw-toolbox/node_modules/sw-toolbox/lib/sw-toolbox.js","s":{"1":2,"2":0,"3":0,"4":0,"5":0,"6":0,"7":0,"8":0,"9":0,"10":0},"b":{},"f":{},"fnMap":{},"statementMap":{"1":{"start":{"line":21,"column":0},"end":{"line":21,"column":35}},"2":{"start":{"line":22,"column":0},"end":{"line":22,"column":33}},"3":{"start":{"line":23,"column":0},"end":{"line":23,"column":35}},"4":{"start":{"line":24,"column":0},"end":{"line":24,"column":41}},"5":{"start":{"line":25,"column":0},"end":{"line":25,"column":39}},"6":{"start":{"line":27,"column":0},"end":{"line":27,"column":51}},"7":{"start":{"line":31,"column":0},"end":{"line":31,"column":60}},"8":{"start":{"line":32,"column":0},"end":{"line":32,"column":62}},"9":{"start":{"line":33,"column":0},"end":{"line":33,"column":56}},"10":{"start":{"line":35,"column":0},"end":{"line":46,"column":2}}},"branchMap":{},"code":["/*","  Copyright 2014 Google Inc. All Rights Reserved.","","  Licensed under the Apache License, Version 2.0 (the \"License\");","  you may not use this file except in compliance with the License.","  You may obtain a copy of the License at","","      http://www.apache.org/licenses/LICENSE-2.0","","  Unless required by applicable law or agreed to in writing, software","  distributed under the License is distributed on an \"AS IS\" BASIS,","  WITHOUT WARRANTIES OR CONDITIONS OF ANY KIND, either express or implied.","  See the License for the specific language governing permissions and","  limitations under the License.","*/","'use strict';","","// This is the entrypoint for the sw-toolbox bundle. All code with","// side effects (e.g. adding event listeners) should be in this file.","","var options = require('./options');","var router = require('./router');","var helpers = require('./helpers');","var strategies = require('./strategies');","var listeners = require('./listeners');","","helpers.debug('Service Worker Toolbox is loading');","","// Set up listeners.","","self.addEventListener('install', listeners.installListener);","self.addEventListener('activate', listeners.activateListener);","self.addEventListener('fetch', listeners.fetchListener);","","module.exports = {","  networkOnly: strategies.networkOnly,","  networkFirst: strategies.networkFirst,","  cacheOnly: strategies.cacheOnly,","  cacheFirst: strategies.cacheFirst,","  fastest: strategies.fastest,","  router: router,","  options: options,","  cache: helpers.cache,","  uncache: helpers.uncache,","  precache: helpers.precache","};",""],"l":{"21":2,"22":0,"23":0,"24":0,"25":0,"27":0,"31":0,"32":0,"33":0,"35":0}},"/home/travis/build/npmtest/node-npmtest-sw-toolbox/node_modules/sw-toolbox/lib/options.js":{"path":"/home/travis/build/npmtest/node-npmtest-sw-toolbox/node_modules/sw-toolbox/lib/options.js","s":{"1":18,"2":18,"3":0,"4":0,"5":0},"b":{"1":[0,0],"2":[0,0]},"f":{},"fnMap":{},"statementMap":{"1":{"start":{"line":20,"column":0},"end":{"line":20,"column":10}},"2":{"start":{"line":21,"column":0},"end":{"line":25,"column":1}},"3":{"start":{"line":22,"column":2},"end":{"line":22,"column":34}},"4":{"start":{"line":24,"column":2},"end":{"line":24,"column":58}},"5":{"start":{"line":27,"column":0},"end":{"line":40,"column":2}}},"branchMap":{"1":{"line":21,"type":"if","locations":[{"start":{"line":21,"column":0},"end":{"line":21,"column":0}},{"start":{"line":21,"column":0},"end":{"line":21,"column":0}}]},"2":{"line":24,"type":"binary-expr","locations":[{"start":{"line":24,"column":10},"end":{"line":24,"column":20}},{"start":{"line":24,"column":24},"end":{"line":24,"column":57}}]}},"code":["/*","\tCopyright 2015 Google Inc. All Rights Reserved.","","\tLicensed under the Apache License, Version 2.0 (the \"License\");","\tyou may not use this file except in compliance with the License.","\tYou may obtain a copy of the License at","","      http://www.apache.org/licenses/LICENSE-2.0","","\tUnless required by applicable law or agreed to in writing, software","\tdistributed under the License is distributed on an \"AS IS\" BASIS,","\tWITHOUT WARRANTIES OR CONDITIONS OF ANY KIND, either express or implied.","\tSee the License for the specific language governing permissions and","\tlimitations under the License.","*/","'use strict';","","// TODO: This is necessary to handle different implementations in the wild","// The spec defines self.registration, but it was not implemented in Chrome 40.","var scope;","if (self.registration) {","  scope = self.registration.scope;","} else {","  scope = self.scope || new URL('./', self.location).href;","}","","module.exports = {","  cache: {","    name: '$$$toolbox-cache$$$' + scope + '$$$',","    maxAgeSeconds: null,","    maxEntries: null","  },","  debug: false,","  networkTimeoutSeconds: null,","  preCacheItems: [],","  // A regular expression to apply to HTTP response codes. Codes that match","  // will be considered successes, while others will not, and will not be","  // cached.","  successResponses: /^0|([123]\\d\\d)|(40[14567])|410$/","};",""],"l":{"20":18,"21":18,"22":0,"24":0,"27":0}},"/home/travis/build/npmtest/node-npmtest-sw-toolbox/node_modules/sw-toolbox/companion.js":{"path":"/home/travis/build/npmtest/node-npmtest-sw-toolbox/node_modules/sw-toolbox/companion.js","s":{"1":2,"2":2,"3":0,"4":0},"b":{"1":[2,0],"2":[0,0],"3":[0,0]},"f":{"1":2},"fnMap":{"1":{"name":"(anonymous_1)","line":16,"loc":{"start":{"line":16,"column":1},"end":{"line":16,"column":12}}}},"statementMap":{"1":{"start":{"line":16,"column":0},"end":{"line":23,"column":5}},"2":{"start":{"line":18,"column":2},"end":{"line":18,"column":92}},"3":{"start":{"line":20,"column":2},"end":{"line":22,"column":3}},"4":{"start":{"line":21,"column":4},"end":{"line":21,"column":51}}},"branchMap":{"1":{"line":18,"type":"binary-expr","locations":[{"start":{"line":18,"column":21},"end":{"line":18,"column":43}},{"start":{"line":18,"column":47},"end":{"line":18,"column":91}}]},"2":{"line":20,"type":"if","locations":[{"start":{"line":20,"column":2},"end":{"line":20,"column":2}},{"start":{"line":20,"column":2},"end":{"line":20,"column":2}}]},"3":{"line":20,"type":"binary-expr","locations":[{"start":{"line":20,"column":6},"end":{"line":20,"column":18}},{"start":{"line":20,"column":22},"end":{"line":20,"column":50}}]}},"code":["/*","\tCopyright 2016 Google Inc. All Rights Reserved.","","\tLicensed under the Apache License, Version 2.0 (the \"License\");","\tyou may not use this file except in compliance with the License.","\tYou may obtain a copy of the License at","","\t    http://www.apache.org/licenses/LICENSE-2.0","","\tUnless required by applicable law or agreed to in writing, software","\tdistributed under the License is distributed on an \"AS IS\" BASIS,","\tWITHOUT WARRANTIES OR CONDITIONS OF ANY KIND, either express or implied.","\tSee the License for the specific language governing permissions and","\tlimitations under the License.","*/","(function() {","  'use strict';","  var workerScript = document.currentScript && document.currentScript.dataset.serviceWorker;","","  if (workerScript && 'serviceWorker' in navigator) {","    navigator.serviceWorker.register(workerScript);","  }","})();",""],"l":{"16":2,"18":2,"20":0,"21":0}},"/home/travis/build/npmtest/node-npmtest-sw-toolbox/node_modules/sw-toolbox/sw-toolbox.js":{"path":"/home/travis/build/npmtest/node-npmtest-sw-toolbox/node_modules/sw-toolbox/sw-toolbox.js","s":{"1":2,"2":2,"3":2,"4":0,"5":0,"6":0,"7":0,"8":2,"9":1,"10":4,"11":4,"12":0,"13":0,"14":0,"15":0,"16":0,"17":0,"18":0,"19":4,"20":4,"21":2,"22":2,"23":0,"24":2,"25":2,"26":0,"27":1,"28":0,"29":0,"30":0,"31":1,"32":0,"33":0,"34":1,"35":0,"36":0,"37":0,"38":0,"39":0,"40":0,"41":0,"42":1,"43":0,"44":0,"45":1,"46":0,"47":0,"48":0,"49":0,"50":0,"51":0,"52":0,"53":0,"54":0,"55":0,"56":1,"57":0,"58":0,"59":0,"60":0,"61":0,"62":0,"63":0,"64":0,"65":1,"66":0,"67":0,"68":1,"69":0,"70":0,"71":1,"72":0,"73":1,"74":0,"75":0,"76":0,"77":0,"78":0,"79":1,"80":0,"81":0,"82":0,"83":0,"84":0,"85":0,"86":0,"87":0,"88":0,"89":0,"90":0,"91":1,"92":0,"93":0,"94":0,"95":0,"96":0,"97":0,"98":0,"99":1,"100":0,"101":1,"102":0,"103":0,"104":0,"105":0,"106":0,"107":1,"108":0,"109":0,"110":0,"111":0,"112":0,"113":0,"114":0,"115":0,"116":1,"117":0,"118":0,"119":0,"120":0,"121":0,"122":0,"123":0,"124":0,"125":0,"126":0,"127":1,"128":0,"129":0,"130":0,"131":0,"132":0,"133":1,"134":0,"135":0,"136":1,"137":0,"138":0,"139":0,"140":1,"141":0,"142":0,"143":1,"144":0,"145":0,"146":0,"147":0,"148":0,"149":0,"150":0,"151":2,"152":2,"153":0,"154":0,"155":0,"156":0,"157":0,"158":0,"159":0,"160":0,"161":0,"162":0,"163":1,"164":0,"165":0,"166":0,"167":0,"168":0,"169":0,"170":0,"171":0,"172":0,"173":0,"174":0,"175":0,"176":0,"177":0,"178":0,"179":0,"180":0,"181":0,"182":0,"183":0,"184":0,"185":0,"186":0,"187":0,"188":0,"189":0,"190":0,"191":0,"192":0,"193":0,"194":0,"195":1,"196":0,"197":0,"198":0,"199":0,"200":0,"201":0,"202":1,"203":0,"204":0,"205":0,"206":0,"207":0,"208":0,"209":0,"210":1,"211":0,"212":0,"213":0,"214":0,"215":0,"216":0,"217":0,"218":0,"219":1,"220":0,"221":0,"222":0,"223":0,"224":0,"225":0,"226":0,"227":0,"228":0,"229":0,"230":0,"231":0,"232":0,"233":0,"234":0,"235":0,"236":0,"237":0,"238":0,"239":0,"240":0,"241":0,"242":0,"243":0,"244":1,"245":0,"246":0,"247":0,"248":2,"249":0,"250":0,"251":0,"252":1,"253":0,"254":0,"255":0,"256":0,"257":0,"258":0,"259":0,"260":0,"261":0,"262":1,"263":0,"264":1,"265":0,"266":0,"267":1,"268":0,"269":0,"270":1,"271":0,"272":0,"273":0,"274":0,"275":0,"276":0,"277":0,"278":0,"279":0,"280":0,"281":0,"282":0,"283":0,"284":0,"285":0,"286":0,"287":0,"288":0,"289":0,"290":0,"291":0,"292":0,"293":0,"294":0,"295":0,"296":0,"297":0,"298":0,"299":1,"300":0,"301":1,"302":0,"303":1,"304":0,"305":1,"306":0,"307":1,"308":0,"309":0,"310":0,"311":0,"312":0,"313":1,"314":0,"315":0,"316":0,"317":0,"318":1,"319":0,"320":1,"321":0,"322":0,"323":0,"324":0,"325":0,"326":0,"327":0,"328":0,"329":0,"330":1,"331":0,"332":0,"333":0,"334":0,"335":0,"336":0,"337":0,"338":0,"339":0,"340":1,"341":0,"342":0,"343":0,"344":0,"345":0,"346":0,"347":0,"348":0,"349":0,"350":0,"351":0,"352":0,"353":0,"354":0,"355":0,"356":0,"357":0,"358":0},"b":{"1":[2,0],"2":[2,2],"3":[0,0],"4":[0,0],"5":[0,0],"6":[0,0],"7":[0,0],"8":[4,0],"9":[0,4],"10":[0,0],"11":[0,0],"12":[0,0],"13":[0,0],"14":[2,0],"15":[0,0],"16":[0,0],"17":[0,0],"18":[0,0,0],"19":[0,0],"20":[0,0],"21":[0,0],"22":[0,0,0],"23":[0,0],"24":[0,0,0,0],"25":[0,0],"26":[0,0],"27":[0,0],"28":[0,0],"29":[0,0,0],"30":[0,0],"31":[0,0],"32":[0,0],"33":[0,0],"34":[0,0],"35":[0,0],"36":[0,0],"37":[0,0],"38":[0,0],"39":[0,0],"40":[0,0],"41":[0,0],"42":[0,0],"43":[0,0,0,0],"44":[0,0],"45":[0,0],"46":[0,0],"47":[0,0],"48":[0,0],"49":[0,0],"50":[0,0],"51":[0,0],"52":[0,0],"53":[0,0],"54":[0,0],"55":[0,0],"56":[0,0],"57":[0,0],"58":[0,0],"59":[0,0],"60":[0,0],"61":[0,0],"62":[0,0],"63":[0,0],"64":[0,0],"65":[0,0],"66":[0,0],"67":[0,0],"68":[0,0],"69":[0,0],"70":[0,0],"71":[0,0],"72":[0,0],"73":[0,0],"74":[0,0],"75":[0,0],"76":[0,0],"77":[0,0],"78":[0,0],"79":[0,0],"80":[0,0],"81":[0,0],"82":[0,0],"83":[0,0],"84":[0,0],"85":[0,0],"86":[0,0,0],"87":[0,0],"88":[0,0],"89":[0,0],"90":[0,0],"91":[0,0],"92":[0,0],"93":[0,0],"94":[0,0],"95":[0,0],"96":[0,0],"97":[0,0],"98":[0,0],"99":[0,0],"100":[0,0],"101":[0,0],"102":[0,0],"103":[0,0],"104":[0,0],"105":[0,0],"106":[0,0],"107":[0,0],"108":[0,0],"109":[0,0],"110":[0,0],"111":[0,0],"112":[0,0],"113":[0,0],"114":[0,0],"115":[0,0],"116":[0,0],"117":[0,0],"118":[0,0],"119":[0,0],"120":[0,0],"121":[0,0],"122":[0,0],"123":[0,0],"124":[0,0],"125":[0,0],"126":[0,0],"127":[0,0],"128":[0,0],"129":[0,0],"130":[0,0],"131":[0,0,0,0,0,0,0],"132":[0,0],"133":[0,0],"134":[0,0],"135":[0,0],"136":[0,0],"137":[0,0]},"f":{"1":2,"2":2,"3":2,"4":4,"5":2,"6":0,"7":0,"8":0,"9":0,"10":0,"11":0,"12":0,"13":0,"14":0,"15":0,"16":0,"17":0,"18":0,"19":0,"20":0,"21":0,"22":0,"23":0,"24":0,"25":0,"26":0,"27":0,"28":0,"29":0,"30":0,"31":0,"32":0,"33":0,"34":0,"35":0,"36":0,"37":0,"38":0,"39":0,"40":0,"41":0,"42":0,"43":0,"44":0,"45":0,"46":0,"47":0,"48":0,"49":0,"50":0,"51":0,"52":0,"53":0,"54":0,"55":0,"56":0,"57":0,"58":0,"59":0,"60":0,"61":0,"62":0,"63":0,"64":0,"65":0,"66":0,"67":2,"68":0,"69":0,"70":0,"71":0,"72":0,"73":0,"74":0,"75":0,"76":0,"77":0,"78":0,"79":0,"80":0,"81":0,"82":0,"83":0,"84":0,"85":0,"86":0,"87":0,"88":0,"89":0,"90":0,"91":0,"92":0,"93":0,"94":0,"95":0,"96":0,"97":0,"98":0,"99":0,"100":0,"101":0,"102":0,"103":0,"104":0,"105":0,"106":0,"107":0,"108":2,"109":0,"110":0,"111":0,"112":0,"113":0,"114":0,"115":0,"116":0,"117":0,"118":0,"119":0,"120":0,"121":0,"122":0,"123":0,"124":0,"125":0,"126":0,"127":0,"128":0,"129":0,"130":0,"131":0,"132":0,"133":0,"134":0,"135":0,"136":0,"137":0,"138":0,"139":0,"140":0},"fnMap":{"1":{"name":"(anonymous_1)","line":15,"loc":{"start":{"line":15,"column":3},"end":{"line":15,"column":14}}},"2":{"name":"(anonymous_2)","line":15,"loc":{"start":{"line":15,"column":281},"end":{"line":15,"column":291}}},"3":{"name":"e","line":15,"loc":{"start":{"line":15,"column":299},"end":{"line":15,"column":316}}},"4":{"name":"o","line":15,"loc":{"start":{"line":15,"column":317},"end":{"line":15,"column":332}}},"5":{"name":"(anonymous_5)","line":15,"loc":{"start":{"line":15,"column":566},"end":{"line":15,"column":577}}},"6":{"name":"(anonymous_6)","line":15,"loc":{"start":{"line":15,"column":740},"end":{"line":15,"column":755}}},"7":{"name":"r","line":15,"loc":{"start":{"line":15,"column":769},"end":{"line":15,"column":784}}},"8":{"name":"o","line":15,"loc":{"start":{"line":15,"column":850},"end":{"line":15,"column":863}}},"9":{"name":"i","line":15,"loc":{"start":{"line":15,"column":939},"end":{"line":15,"column":954}}},"10":{"name":"(anonymous_10)","line":15,"loc":{"start":{"line":15,"column":1037},"end":{"line":15,"column":1048}}},"11":{"name":"(anonymous_11)","line":15,"loc":{"start":{"line":15,"column":1101},"end":{"line":15,"column":1112}}},"12":{"name":"(anonymous_12)","line":15,"loc":{"start":{"line":15,"column":1129},"end":{"line":15,"column":1139}}},"13":{"name":"c","line":15,"loc":{"start":{"line":15,"column":1229},"end":{"line":15,"column":1246}}},"14":{"name":"s","line":15,"loc":{"start":{"line":15,"column":1290},"end":{"line":15,"column":1307}}},"15":{"name":"(anonymous_15)","line":15,"loc":{"start":{"line":15,"column":1469},"end":{"line":15,"column":1480}}},"16":{"name":"(anonymous_16)","line":15,"loc":{"start":{"line":15,"column":1523},"end":{"line":15,"column":1534}}},"17":{"name":"(anonymous_17)","line":15,"loc":{"start":{"line":15,"column":1574},"end":{"line":15,"column":1585}}},"18":{"name":"(anonymous_18)","line":15,"loc":{"start":{"line":15,"column":1629},"end":{"line":15,"column":1640}}},"19":{"name":"(anonymous_19)","line":15,"loc":{"start":{"line":15,"column":1689},"end":{"line":15,"column":1699}}},"20":{"name":"(anonymous_20)","line":15,"loc":{"start":{"line":15,"column":1740},"end":{"line":15,"column":1751}}},"21":{"name":"a","line":15,"loc":{"start":{"line":15,"column":1759},"end":{"line":15,"column":1776}}},"22":{"name":"(anonymous_22)","line":15,"loc":{"start":{"line":15,"column":1848},"end":{"line":15,"column":1858}}},"23":{"name":"(anonymous_23)","line":15,"loc":{"start":{"line":15,"column":1916},"end":{"line":15,"column":1927}}},"24":{"name":"(anonymous_24)","line":15,"loc":{"start":{"line":15,"column":1967},"end":{"line":15,"column":1978}}},"25":{"name":"(anonymous_25)","line":15,"loc":{"start":{"line":15,"column":2004},"end":{"line":15,"column":2015}}},"26":{"name":"(anonymous_26)","line":15,"loc":{"start":{"line":15,"column":2039},"end":{"line":15,"column":2050}}},"27":{"name":"(anonymous_27)","line":15,"loc":{"start":{"line":15,"column":2081},"end":{"line":15,"column":2091}}},"28":{"name":"u","line":15,"loc":{"start":{"line":15,"column":2122},"end":{"line":15,"column":2137}}},"29":{"name":"(anonymous_29)","line":15,"loc":{"start":{"line":15,"column":2155},"end":{"line":15,"column":2166}}},"30":{"name":"f","line":15,"loc":{"start":{"line":15,"column":2185},"end":{"line":15,"column":2200}}},"31":{"name":"(anonymous_31)","line":15,"loc":{"start":{"line":15,"column":2218},"end":{"line":15,"column":2229}}},"32":{"name":"h","line":15,"loc":{"start":{"line":15,"column":2251},"end":{"line":15,"column":2264}}},"33":{"name":"p","line":15,"loc":{"start":{"line":15,"column":2334},"end":{"line":15,"column":2347}}},"34":{"name":"(anonymous_34)","line":15,"loc":{"start":{"line":15,"column":2387},"end":{"line":15,"column":2398}}},"35":{"name":"l","line":15,"loc":{"start":{"line":15,"column":2623},"end":{"line":15,"column":2640}}},"36":{"name":"(anonymous_36)","line":15,"loc":{"start":{"line":15,"column":2990},"end":{"line":15,"column":3005}}},"37":{"name":"r","line":15,"loc":{"start":{"line":15,"column":3019},"end":{"line":15,"column":3032}}},"38":{"name":"(anonymous_38)","line":15,"loc":{"start":{"line":15,"column":3052},"end":{"line":15,"column":3065}}},"39":{"name":"(anonymous_39)","line":15,"loc":{"start":{"line":15,"column":3112},"end":{"line":15,"column":3122}}},"40":{"name":"(anonymous_40)","line":15,"loc":{"start":{"line":15,"column":3215},"end":{"line":15,"column":3225}}},"41":{"name":"(anonymous_41)","line":15,"loc":{"start":{"line":15,"column":3249},"end":{"line":15,"column":3259}}},"42":{"name":"o","line":15,"loc":{"start":{"line":15,"column":3274},"end":{"line":15,"column":3287}}},"43":{"name":"i","line":15,"loc":{"start":{"line":15,"column":3320},"end":{"line":15,"column":3337}}},"44":{"name":"(anonymous_44)","line":15,"loc":{"start":{"line":15,"column":3357},"end":{"line":15,"column":3370}}},"45":{"name":"(anonymous_45)","line":15,"loc":{"start":{"line":15,"column":3465},"end":{"line":15,"column":3475}}},"46":{"name":"(anonymous_46)","line":15,"loc":{"start":{"line":15,"column":3492},"end":{"line":15,"column":3502}}},"47":{"name":"c","line":15,"loc":{"start":{"line":15,"column":3517},"end":{"line":15,"column":3534}}},"48":{"name":"(anonymous_48)","line":15,"loc":{"start":{"line":15,"column":3556},"end":{"line":15,"column":3569}}},"49":{"name":"(anonymous_49)","line":15,"loc":{"start":{"line":15,"column":3675},"end":{"line":15,"column":3686}}},"50":{"name":"(anonymous_50)","line":15,"loc":{"start":{"line":15,"column":3798},"end":{"line":15,"column":3808}}},"51":{"name":"s","line":15,"loc":{"start":{"line":15,"column":3849},"end":{"line":15,"column":3864}}},"52":{"name":"(anonymous_52)","line":15,"loc":{"start":{"line":15,"column":3886},"end":{"line":15,"column":3899}}},"53":{"name":"(anonymous_53)","line":15,"loc":{"start":{"line":15,"column":4004},"end":{"line":15,"column":4014}}},"54":{"name":"(anonymous_54)","line":15,"loc":{"start":{"line":15,"column":4061},"end":{"line":15,"column":4072}}},"55":{"name":"(anonymous_55)","line":15,"loc":{"start":{"line":15,"column":4184},"end":{"line":15,"column":4194}}},"56":{"name":"a","line":15,"loc":{"start":{"line":15,"column":4235},"end":{"line":15,"column":4254}}},"57":{"name":"(anonymous_57)","line":15,"loc":{"start":{"line":15,"column":4276},"end":{"line":15,"column":4287}}},"58":{"name":"(anonymous_58)","line":15,"loc":{"start":{"line":15,"column":4307},"end":{"line":15,"column":4318}}},"59":{"name":"(anonymous_59)","line":15,"loc":{"start":{"line":15,"column":4468},"end":{"line":15,"column":4483}}},"60":{"name":"r","line":15,"loc":{"start":{"line":15,"column":4497},"end":{"line":15,"column":4510}}},"61":{"name":"o","line":15,"loc":{"start":{"line":15,"column":4674},"end":{"line":15,"column":4687}}},"62":{"name":"i","line":15,"loc":{"start":{"line":15,"column":4799},"end":{"line":15,"column":4812}}},"63":{"name":"(anonymous_63)","line":15,"loc":{"start":{"line":15,"column":4829},"end":{"line":15,"column":4842}}},"64":{"name":"c","line":15,"loc":{"start":{"line":15,"column":4867},"end":{"line":15,"column":4880}}},"65":{"name":"(anonymous_65)","line":15,"loc":{"start":{"line":15,"column":5029},"end":{"line":15,"column":5040}}},"66":{"name":"(anonymous_66)","line":15,"loc":{"start":{"line":15,"column":5120},"end":{"line":15,"column":5131}}},"67":{"name":"(anonymous_67)","line":15,"loc":{"start":{"line":15,"column":5443},"end":{"line":15,"column":5458}}},"68":{"name":"(anonymous_68)","line":15,"loc":{"start":{"line":15,"column":5769},"end":{"line":15,"column":5784}}},"69":{"name":"(anonymous_69)","line":15,"loc":{"start":{"line":15,"column":5869},"end":{"line":15,"column":5886}}},"70":{"name":"(anonymous_70)","line":15,"loc":{"start":{"line":15,"column":6067},"end":{"line":15,"column":6078}}},"71":{"name":"(anonymous_71)","line":15,"loc":{"start":{"line":15,"column":6150},"end":{"line":15,"column":6163}}},"72":{"name":"(anonymous_72)","line":15,"loc":{"start":{"line":15,"column":6190},"end":{"line":15,"column":6201}}},"73":{"name":"(anonymous_73)","line":15,"loc":{"start":{"line":15,"column":6292},"end":{"line":15,"column":6307}}},"74":{"name":"r","line":15,"loc":{"start":{"line":15,"column":6321},"end":{"line":15,"column":6334}}},"75":{"name":"(anonymous_75)","line":15,"loc":{"start":{"line":15,"column":6423},"end":{"line":15,"column":6436}}},"76":{"name":"(anonymous_76)","line":15,"loc":{"start":{"line":15,"column":6567},"end":{"line":15,"column":6577}}},"77":{"name":"(anonymous_77)","line":15,"loc":{"start":{"line":15,"column":6700},"end":{"line":15,"column":6711}}},"78":{"name":"(anonymous_78)","line":15,"loc":{"start":{"line":15,"column":6727},"end":{"line":15,"column":6742}}},"79":{"name":"(anonymous_79)","line":15,"loc":{"start":{"line":15,"column":6787},"end":{"line":15,"column":6804}}},"80":{"name":"(anonymous_80)","line":15,"loc":{"start":{"line":15,"column":7221},"end":{"line":15,"column":7234}}},"81":{"name":"(anonymous_81)","line":15,"loc":{"start":{"line":15,"column":7381},"end":{"line":15,"column":7396}}},"82":{"name":"(anonymous_82)","line":15,"loc":{"start":{"line":15,"column":7584},"end":{"line":15,"column":7595}}},"83":{"name":"(anonymous_83)","line":15,"loc":{"start":{"line":15,"column":7717},"end":{"line":15,"column":7732}}},"84":{"name":"r","line":15,"loc":{"start":{"line":15,"column":7746},"end":{"line":15,"column":7763}}},"85":{"name":"(anonymous_85)","line":15,"loc":{"start":{"line":15,"column":7846},"end":{"line":15,"column":7857}}},"86":{"name":"(anonymous_86)","line":15,"loc":{"start":{"line":15,"column":7881},"end":{"line":15,"column":7892}}},"87":{"name":"(anonymous_87)","line":15,"loc":{"start":{"line":15,"column":8091},"end":{"line":15,"column":8106}}},"88":{"name":"r","line":15,"loc":{"start":{"line":15,"column":8120},"end":{"line":15,"column":8137}}},"89":{"name":"(anonymous_89)","line":15,"loc":{"start":{"line":15,"column":8219},"end":{"line":15,"column":8230}}},"90":{"name":"(anonymous_90)","line":15,"loc":{"start":{"line":15,"column":8254},"end":{"line":15,"column":8265}}},"91":{"name":"(anonymous_91)","line":15,"loc":{"start":{"line":15,"column":8446},"end":{"line":15,"column":8461}}},"92":{"name":"r","line":15,"loc":{"start":{"line":15,"column":8475},"end":{"line":15,"column":8492}}},"93":{"name":"(anonymous_93)","line":15,"loc":{"start":{"line":15,"column":8555},"end":{"line":15,"column":8568}}},"94":{"name":"(anonymous_94)","line":15,"loc":{"start":{"line":15,"column":8585},"end":{"line":15,"column":8596}}},"95":{"name":"(anonymous_95)","line":15,"loc":{"start":{"line":15,"column":8696},"end":{"line":15,"column":8707}}},"96":{"name":"(anonymous_96)","line":15,"loc":{"start":{"line":15,"column":8912},"end":{"line":15,"column":8927}}},"97":{"name":"(anonymous_97)","line":15,"loc":{"start":{"line":15,"column":9177},"end":{"line":15,"column":9192}}},"98":{"name":"r","line":15,"loc":{"start":{"line":15,"column":9206},"end":{"line":15,"column":9223}}},"99":{"name":"(anonymous_99)","line":15,"loc":{"start":{"line":15,"column":9404},"end":{"line":15,"column":9415}}},"100":{"name":"(anonymous_100)","line":15,"loc":{"start":{"line":15,"column":9453},"end":{"line":15,"column":9464}}},"101":{"name":"(anonymous_101)","line":15,"loc":{"start":{"line":15,"column":9478},"end":{"line":15,"column":9488}}},"102":{"name":"(anonymous_102)","line":15,"loc":{"start":{"line":15,"column":9505},"end":{"line":15,"column":9516}}},"103":{"name":"(anonymous_103)","line":15,"loc":{"start":{"line":15,"column":9656},"end":{"line":15,"column":9667}}},"104":{"name":"(anonymous_104)","line":15,"loc":{"start":{"line":15,"column":9815},"end":{"line":15,"column":9826}}},"105":{"name":"(anonymous_105)","line":15,"loc":{"start":{"line":15,"column":9920},"end":{"line":15,"column":9931}}},"106":{"name":"(anonymous_106)","line":15,"loc":{"start":{"line":15,"column":10097},"end":{"line":15,"column":10112}}},"107":{"name":"r","line":15,"loc":{"start":{"line":15,"column":10126},"end":{"line":15,"column":10143}}},"108":{"name":"(anonymous_108)","line":15,"loc":{"start":{"line":15,"column":10265},"end":{"line":15,"column":10280}}},"109":{"name":"(anonymous_109)","line":15,"loc":{"start":{"line":15,"column":10867},"end":{"line":15,"column":10882}}},"110":{"name":"(anonymous_110)","line":15,"loc":{"start":{"line":15,"column":10908},"end":{"line":15,"column":10919}}},"111":{"name":"(anonymous_111)","line":15,"loc":{"start":{"line":15,"column":10988},"end":{"line":15,"column":11003}}},"112":{"name":"r","line":15,"loc":{"start":{"line":15,"column":11004},"end":{"line":15,"column":11019}}},"113":{"name":"o","line":15,"loc":{"start":{"line":15,"column":11505},"end":{"line":15,"column":11520}}},"114":{"name":"i","line":15,"loc":{"start":{"line":15,"column":11538},"end":{"line":15,"column":11551}}},"115":{"name":"(anonymous_115)","line":15,"loc":{"start":{"line":15,"column":11590},"end":{"line":15,"column":11601}}},"116":{"name":"c","line":15,"loc":{"start":{"line":15,"column":11657},"end":{"line":15,"column":11670}}},"117":{"name":"(anonymous_117)","line":15,"loc":{"start":{"line":15,"column":11707},"end":{"line":15,"column":11718}}},"118":{"name":"s","line":15,"loc":{"start":{"line":15,"column":11774},"end":{"line":15,"column":11787}}},"119":{"name":"(anonymous_119)","line":15,"loc":{"start":{"line":15,"column":11911},"end":{"line":15,"column":11924}}},"120":{"name":"a","line":15,"loc":{"start":{"line":15,"column":12772},"end":{"line":15,"column":12785}}},"121":{"name":"u","line":15,"loc":{"start":{"line":15,"column":12840},"end":{"line":15,"column":12853}}},"122":{"name":"f","line":15,"loc":{"start":{"line":15,"column":12895},"end":{"line":15,"column":12910}}},"123":{"name":"h","line":15,"loc":{"start":{"line":15,"column":12929},"end":{"line":15,"column":12942}}},"124":{"name":"p","line":15,"loc":{"start":{"line":15,"column":12969},"end":{"line":15,"column":12984}}},"125":{"name":"l","line":15,"loc":{"start":{"line":15,"column":13167},"end":{"line":15,"column":13184}}},"126":{"name":"d","line":15,"loc":{"start":{"line":15,"column":13303},"end":{"line":15,"column":13320}}},"127":{"name":"m","line":15,"loc":{"start":{"line":15,"column":13342},"end":{"line":15,"column":13359}}},"128":{"name":"g","line":15,"loc":{"start":{"line":15,"column":13814},"end":{"line":15,"column":13831}}},"129":{"name":"(anonymous_129)","line":15,"loc":{"start":{"line":15,"column":14210},"end":{"line":15,"column":14225}}},"130":{"name":"(anonymous_130)","line":15,"loc":{"start":{"line":15,"column":14227},"end":{"line":15,"column":14237}}},"131":{"name":"(anonymous_131)","line":15,"loc":{"start":{"line":15,"column":14433},"end":{"line":15,"column":14444}}},"132":{"name":"t","line":15,"loc":{"start":{"line":15,"column":14445},"end":{"line":15,"column":14458}}},"133":{"name":"(anonymous_133)","line":15,"loc":{"start":{"line":15,"column":14596},"end":{"line":15,"column":14606}}},"134":{"name":"(anonymous_134)","line":15,"loc":{"start":{"line":15,"column":14664},"end":{"line":15,"column":14675}}},"135":{"name":"(anonymous_135)","line":15,"loc":{"start":{"line":15,"column":14736},"end":{"line":15,"column":14747}}},"136":{"name":"(anonymous_136)","line":15,"loc":{"start":{"line":15,"column":14910},"end":{"line":15,"column":14921}}},"137":{"name":"(anonymous_137)","line":15,"loc":{"start":{"line":15,"column":14932},"end":{"line":15,"column":14943}}},"138":{"name":"(anonymous_138)","line":15,"loc":{"start":{"line":15,"column":15024},"end":{"line":15,"column":15037}}},"139":{"name":"(anonymous_139)","line":15,"loc":{"start":{"line":15,"column":15069},"end":{"line":15,"column":15079}}},"140":{"name":"(anonymous_140)","line":15,"loc":{"start":{"line":15,"column":15104},"end":{"line":15,"column":15115}}}},"statementMap":{"1":{"start":{"line":15,"column":2},"end":{"line":15,"column":15166}},"2":{"start":{"line":15,"column":15},"end":{"line":15,"column":279}},"3":{"start":{"line":15,"column":71},"end":{"line":15,"column":90}},"4":{"start":{"line":15,"column":95},"end":{"line":15,"column":279}},"5":{"start":{"line":15,"column":136},"end":{"line":15,"column":149}},"6":{"start":{"line":15,"column":154},"end":{"line":15,"column":160}},"7":{"start":{"line":15,"column":160},"end":{"line":15,"column":278}},"8":{"start":{"line":15,"column":292},"end":{"line":15,"column":15163}},"9":{"start":{"line":15,"column":317},"end":{"line":15,"column":653}},"10":{"start":{"line":15,"column":333},"end":{"line":15,"column":633}},"11":{"start":{"line":15,"column":343},"end":{"line":15,"column":519}},"12":{"start":{"line":15,"column":353},"end":{"line":15,"column":395}},"13":{"start":{"line":15,"column":395},"end":{"line":15,"column":419}},"14":{"start":{"line":15,"column":404},"end":{"line":15,"column":419}},"15":{"start":{"line":15,"column":419},"end":{"line":15,"column":439}},"16":{"start":{"line":15,"column":424},"end":{"line":15,"column":439}},"17":{"start":{"line":15,"column":439},"end":{"line":15,"column":485}},"18":{"start":{"line":15,"column":485},"end":{"line":15,"column":518}},"19":{"start":{"line":15,"column":519},"end":{"line":15,"column":543}},"20":{"start":{"line":15,"column":543},"end":{"line":15,"column":632}},"21":{"start":{"line":15,"column":5
[...]
42}},"2":{"start":{"line":18,"column":0},"end":{"line":18,"column":36}},"3":{"start":{"line":20,"column":0},"end":{"line":34,"column":1}},"4":{"start":{"line":21,"column":2},"end":{"line":21,"column":26}},"5":{"start":{"line":22,"column":2},"end":{"line":22,"column":71}},"6":{"start":{"line":23,"column":2},"end":{"line":33,"column":5}},"7":{"start":{"line":24,"column":4},"end":{"line":32,"column":7}},"8":{"start":{"line":25,"column":6},"end":{"line":25,"column":62}},"9":{"start":{"line":26,"column":6},"end":{"line":26,"column":27}},"10":{"start":{"line":27,"column":6},"end":{"line":29,"column":7}},"11":{"start":{"line":28,"column":8},"end":{"line":28,"column":24}},"12":{"start":{"line":31,"column":6},"end":{"line":31,"column":23}},"13":{"start":{"line":36,"column":0},"end":{"line":36,"column":27}}},"branchMap":{"1":{"line":21,"type":"binary-expr","locations":[{"start":{"line":21,"column":12},"end":{"line":21,"column":19}},{"start":{"line":21,"column":23},"end":{"line":21,"column":25}}]},"2":{"line":25,"type":"binary-expr","locations":[{"start":{"line":25,"column":25},"end":{"line":25,"column":38}},{"start":{"line":25,"column":42},"end":{"line":25,"column":61}}]},"3":{"line":27,"type":"if","locations":[{"start":{"line":27,"column":6},"end":{"line":27,"column":6}},{"start":{"line":27,"column":6},"end":{"line":27,"column":6}}]}},"code":["/*","\tCopyright 2014 Google Inc. All Rights Reserved.","","\tLicensed under the Apache License, Version 2.0 (the \"License\");","\tyou may not use this file except in compliance with the License.","\tYou may obtain a copy of the License at","","      http://www.apache.org/licenses/LICENSE-2.0","","\tUnless required by applicable law or agreed to in writing, software","\tdistributed under the License is distributed on an \"AS IS\" BASIS,","\tWITHOUT WARRANTIES OR CONDITIONS OF ANY KIND, either express or implied.","\tSee the License for the specific language governing permissions and","\tlimitations under the License.","*/","'use strict';","var globalOptions = require('../options');","var helpers = require('../helpers');","","function cacheOnly(request, values, options) {","  options = options || {};","  helpers.debug('Strategy: cache only [' + request.url + ']', options);","  return helpers.openCache(options).then(function(cache) {","    return cache.match(request).then(function(response) {","      var cacheOptions = options.cache || globalOptions.cache;","      var now = Date.now();","      if (helpers.isResponseFresh(response, cacheOptions.maxAgeSeconds, now)) {","        return response;","      }","","      return undefined;","    });","  });","}","","module.exports = cacheOnly;",""],"l":{"17":2,"18":0,"20":1,"21":0,"22":0,"23":0,"24":0,"25":0,"26":0,"27":0,"28":0,"31":0,"36":0}},"/home/travis/build/npmtest/node-npmtest-sw-toolbox/node_modules/sw-toolbox/lib/strategies/fastest.js":{"path":"/home/travis/build/npmtest/node-npmtest-sw-toolbox/node_modules/sw-toolbox/lib/strategies/fastest.js","s":{"1":2,"2":0,"3":1,"4":0,"5":0,"6":0,"7":0,"8":0,"9":0,"10":0,"11":0,"12":0,"13":0,"14":0,"15":0,"16":0,"17":0,"18":0,"19":0},"b":{"1":[0,0],"2":[0,0]},"f":{"1":0,"2":0,"3":0,"4":0},"fnMap":{"1":{"name":"fastest","line":20,"loc":{"start":{"line":20,"column":0},"end":{"line":20,"column":43}}},"2":{"name":"(anonymous_2)","line":23,"loc":{"start":{"line":23,"column":21},"end":{"line":23,"column":47}}},"3":{"name":"(anonymous_3)","line":27,"loc":{"start":{"line":27,"column":22},"end":{"line":27,"column":39}}},"4":{"name":"(anonymous_4)","line":37,"loc":{"start":{"line":37,"column":23},"end":{"line":37,"column":40}}}},"statementMap":{"1":{"start":{"line":17,"column":0},"end":{"line":17,"column":36}},"2":{"start":{"line":18,"column":0},"end":{"line":18,"column":39}},"3":{"start":{"line":20,"column":0},"end":{"line":51,"column":1}},"4":{"start":{"line":21,"column":2},"end":{"line":21,"column":68}},"5":{"start":{"line":23,"column":2},"end":{"line":50,"column":5}},"6":{"start":{"line":24,"column":4},"end":{"line":24,"column":25}},"7":{"start":{"line":25,"column":4},"end":{"line":25,"column":21}},"8":{"start":{"line":27,"column":4},"end":{"line":35,"column":6}},"9":{"start":{"line":28,"column":6},"end":{"line":28,"column":38}},"10":{"start":{"line":29,"column":6},"end":{"line":34,"column":7}},"11":{"start":{"line":30,"column":8},"end":{"line":31,"column":41}},"12":{"start":{"line":33,"column":8},"end":{"line":33,"column":24}},"13":{"start":{"line":37,"column":4},"end":{"line":43,"column":6}},"14":{"start":{"line":38,"column":6},"end":{"line":42,"column":7}},"15":{"start":{"line":39,"column":8},"end":{"line":39,"column":24}},"16":{"start":{"line":41,"column":8},"end":{"line":41,"column":42}},"17":{"start":{"line":45,"column":4},"end":{"line":46,"column":39}},"18":{"start":{"line":48,"column":4},"end":{"line":49,"column":39}},"19":{"start":{"line":53,"column":0},"end":{"line":53,"column":25}}},"branchMap":{"1":{"line":29,"type":"if","locations":[{"start":{"line":29,"column":6},"end":{"line":29,"column":6}},{"start":{"line":29,"column":6},"end":{"line":29,"column":6}}]},"2":{"line":38,"type":"if","locations":[{"start":{"line":38,"column":6},"end":{"line":38,"column":6}},{"start":{"line":38,"column":6},"end":{"line":38,"column":6}}]}},"code":["/*","  Copyright 2014 Google Inc. All Rights Reserved.","","  Licensed under the Apache License, Version 2.0 (the \"License\");","  you may not use this file except in compliance with the License.","  You may obtain a copy of the License at","","      http://www.apache.org/licenses/LICENSE-2.0","","  Unless required by applicable law or agreed to in writing, software","  distributed under the License is distributed on an \"AS IS\" BASIS,","  WITHOUT WARRANTIES OR CONDITIONS OF ANY KIND, either express or implied.","  See the License for the specific language governing permissions and","  limitations under the License.","*/","'use strict';","var helpers = require('../helpers');","var cacheOnly = require('./cacheOnly');","","function fastest(request, values, options) {","  helpers.debug('Strategy: fastest [' + request.url + ']', options);","","  return new Promise(function(resolve, reject) {","    var rejected = false;","    var reasons = [];","","    var maybeReject = function(reason) {","      reasons.push(reason.toString());","      if (rejected) {","        reject(new Error('Both cache and network failed: \"' +","            reasons.join('\", \"') + '\"'));","      } else {","        rejected = true;","      }","    };","","    var maybeResolve = function(result) {","      if (result instanceof Response) {","        resolve(result);","      } else {","        maybeReject('No result returned');","      }","    };","","    helpers.fetchAndCache(request.clone(), options)","      .then(maybeResolve, maybeReject);","","    cacheOnly(request, values, options)","      .then(maybeResolve, maybeReject);","  });","}","","module.exports = fastest;",""],"l":{"17":2,"18":0,"20":1,"21":0,"23":0,"24":0,"25":0,"27":0,"28":0,"29":0,"30":0,"33":0,"37":0,"38":0,"39":0,"41":0,"45":0,"48":0,"53":0}},"/home/travis/build/npmtest/node-npmtest-sw-toolbox/node_modules/sw-toolbox/lib/strategies/index.js":{"path":"/home/travis/build/npmtest/node-npmtest-sw-toolbox/node_modules/sw-toolbox/lib/strategies/index.js","s":{"1":2},"b":{},"f":{},"fnMap":{},"statementMap":{"1":{"start":{"line":16,"column":0},"end":{"line":22,"column":2}}},"branchMap":{},"code":["/*","\tCopyright 2014 Google Inc. All Rights Reserved.","","\tLicensed under the Apache License, Version 2.0 (the \"License\");","\tyou may not use this file except in compliance with the License.","\tYou may obtain a copy of the License at","","      http://www.apache.org/licenses/LICENSE-2.0","","\tUnless required by applicable law or agreed to in writing, software","\tdistributed under the License is distributed on an \"AS IS\" BASIS,","\tWITHOUT WARRANTIES OR CONDITIONS OF ANY KIND, either express or implied.","\tSee the License for the specific language governing permissions and","\tlimitations under the License.","*/","module.exports = {","  networkOnly: require('./networkOnly'),","  networkFirst: require('./networkFirst'),","  cacheOnly: require('./cacheOnly'),","  cacheFirst: require('./cacheFirst'),","  fastest: require('./fastest')","};",""],"l":{"16":2}},"/home/travis/build/npmtest/node-npmtest-sw-toolbox/node_modules/sw-toolbox/lib/strategies/networkOnly.js":{"path":"/home/travis/build/npmtest/node-npmtest-sw-toolbox/node_modules/sw-toolbox/lib/strategies/networkOnly.js","s":{"1":4,"2":1,"3":0,"4":0,"5":0},"b":{},"f":{"1":0},"fnMap":{"1":{"name":"networkOnly","line":19,"loc":{"start":{"line":19,"column":0},"end":{"line":19,"column":47}}}},"statementMap":{"1":{"start":{"line":17,"column":0},"end":{"line":17,"column":36}},"2":{"start":{"line":19,"column":0},"end":{"line":22,"column":1}},"3":{"start":{"line":20,"column":2},"end":{"line":20,"column":73}},"4":{"start":{"line":21,"column":2},"end":{"line":21,"column":24}},"5":{"start":{"line":24,"column":0},"end":{"line":24,"column":29}}},"branchMap":{},"code":["/*","\tCopyright 2014 Google Inc. All Rights Reserved.","","\tLicensed under the Apache License, Version 2.0 (the \"License\");","\tyou may not use this file except in compliance with the License.","\tYou may obtain a copy of the License at","","      http://www.apache.org/licenses/LICENSE-2.0","","\tUnless required by applicable law or agreed to in writing, software","\tdistributed under the License is distributed on an \"AS IS\" BASIS,","\tWITHOUT WARRANTIES OR CONDITIONS OF ANY KIND, either express or implied.","\tSee the License for the specific language governing permissions and","\tlimitations under the License.","*/","'use strict';","var helpers = require('../helpers');","","function networkOnly(request, values, options) {","  helpers.debug('Strategy: network only [' + request.url + ']', options);","  return fetch(request);","}","","module.exports = networkOnly;",""],"l":{"17":4,"19":1,"20":0,"21":0,"24":0}},"/home/travis/build/npmtest/node-npmtest-sw-toolbox/node_modules/sw-toolbox/lib/strategies/networkFirst.js":{"path":"/home/travis/build/npmtest/node-npmtest-sw-toolbox/node_modules/sw-toolbox/lib/strategies/networkFirst.js","s":{"1":2,"2":0,"3":1,"4":0,"5":0,"6":0,"7":0,"8":0,"9":0,"10":0,"11":0,"12":0,"13":0,"14":0,"15":0,"16":0,"17":0,"18":0,"19":0,"20":0,"21":0,"22":0,"23":0,"24":0,"25":0,"26":0,"27":0,"28":0,"29":0,"30":0,"31":0,"32":0,"33":0,"34":0,"35":0,"36":0,"37":0,"38":0,"39":0},"b":{"1":[0,0],"2":[0,0],"3":[0,0],"4":[0,0],"5":[0,0],"6":[0,0],"7":[0,0],"8":[0,0],"9":[0,0],"10":[0,0]},"f":{"1":0,"2":0,"3":0,"4":0,"5":0,"6":0,"7":0,"8":0},"fnMap":{"1":{"name":"networkFirst","line":20,"loc":{"start":{"line":20,"column":0},"end":{"line":20,"column":48}}},"2":{"name":"(anonymous_2)","line":30,"loc":{"start":{"line":30,"column":41},"end":{"line":30,"column":57}}},"3":{"name":"(anonymous_3)","line":36,"loc":{"start":{"line":36,"column":49},"end":{"line":36,"column":67}}},"4":{"name":"(anonymous_4)","line":37,"loc":{"start":{"line":37,"column":31},"end":{"line":37,"column":42}}},"5":{"name":"(anonymous_5)","line":38,"loc":{"start":{"line":38,"column":36},"end":{"line":38,"column":55}}},"6":{"name":"(anonymous_6)","line":56,"loc":{"start":{"line":56,"column":12},"end":{"line":56,"column":31}}},"7":{"name":"(anonymous_7)","line":70,"loc":{"start":{"line":70,"column":15},"end":{"line":70,"column":31}}},"8":{"name":"(anonymous_8)","line":73,"loc":{"start":{"line":73,"column":41},"end":{"line":73,"column":60}}}},"statementMap":{"1":{"start":{"line":17,"column":0},"end":{"line":17,"column":42}},"2":{"start":{"line":18,"column":0},"end":{"line":18,"column":36}},"3":{"start":{"line":20,"column":0},"end":{"line":95,"column":1}},"4":{"start":{"line":21,"column":2},"end":{"line":21,"column":26}},"5":{"start":{"line":22,"column":2},"end":{"line":23,"column":37}},"6":{"start":{"line":26,"column":2},"end":{"line":27,"column":42}},"7":{"start":{"line":28,"column":2},"end":{"line":28,"column":74}},"8":{"start":{"line":30,"column":2},"end":{"line":94,"column":5}},"9":{"start":{"line":31,"column":4},"end":{"line":31,"column":18}},"10":{"start":{"line":32,"column":4},"end":{"line":32,"column":22}},"11":{"start":{"line":33,"column":4},"end":{"line":33,"column":25}},"12":{"start":{"line":35,"column":4},"end":{"line":53,"column":5}},"13":{"start":{"line":36,"column":6},"end":{"line":51,"column":9}},"14":{"start":{"line":37,"column":8},"end":{"line":50,"column":41}},"15":{"start":{"line":38,"column":10},"end":{"line":49,"column":13}},"16":{"start":{"line":39,"column":12},"end":{"line":39,"column":68}},"17":{"start":{"line":44,"column":12},"end":{"line":44,"column":33}},"18":{"start":{"line":45,"column":12},"end":{"line":45,"column":59}},"19":{"start":{"line":46,"column":12},"end":{"line":48,"column":13}},"20":{"start":{"line":47,"column":14},"end":{"line":47,"column":32}},"21":{"start":{"line":52,"column":6},"end":{"line":52,"column":46}},"22":{"start":{"line":55,"column":4},"end":{"line":89,"column":9}},"23":{"start":{"line":58,"column":8},"end":{"line":60,"column":9}},"24":{"start":{"line":59,"column":10},"end":{"line":59,"column":34}},"25":{"start":{"line":62,"column":8},"end":{"line":64,"column":9}},"26":{"start":{"line":63,"column":10},"end":{"line":63,"column":26}},"27":{"start":{"line":66,"column":8},"end":{"line":67,"column":21}},"28":{"start":{"line":68,"column":8},"end":{"line":68,"column":36}},"29":{"start":{"line":69,"column":8},"end":{"line":69,"column":40}},"30":{"start":{"line":71,"column":8},"end":{"line":72,"column":40}},"31":{"start":{"line":73,"column":8},"end":{"line":88,"column":11}},"32":{"start":{"line":75,"column":10},"end":{"line":77,"column":11}},"33":{"start":{"line":76,"column":12},"end":{"line":76,"column":28}},"34":{"start":{"line":81,"column":10},"end":{"line":83,"column":11}},"35":{"start":{"line":82,"column":12},"end":{"line":82,"column":36}},"36":{"start":{"line":87,"column":10},"end":{"line":87,"column":22}},"37":{"start":{"line":91,"column":4},"end":{"line":91,"column":34}},"38":{"start":{"line":93,"column":4},"end":{"line":93,"column":34}},"39":{"start":{"line":97,"column":0},"end":{"line":97,"column":30}}},"branchMap":{"1":{"line":21,"type":"binary-expr","locations":[{"start":{"line":21,"column":12},"end":{"line":21,"column":19}},{"start":{"line":21,"column":23},"end":{"line":21,"column":25}}]},"2":{"line":22,"type":"binary-expr","locations":[{"start":{"line":22,"column":25},"end":{"line":22,"column":49}},{"start":{"line":23,"column":6},"end":{"line":23,"column":36}}]},"3":{"line":26,"type":"binary-expr","locations":[{"start":{"line":26,"column":30},"end":{"line":26,"column":59}},{"start":{"line":27,"column":6},"end":{"line":27,"column":41}}]},"4":{"line":35,"type":"if","locations":[{"start":{"line":35,"column":4},"end":{"line":35,"column":4}},{"start":{"line":35,"column":4},"end":{"line":35,"column":4}}]},"5":{"line":39,"type":"binary-expr","locations":[{"start":{"line":39,"column":31},"end":{"line":39,"column":44}},{"start":{"line":39,"column":48},"end":{"line":39,"column":67}}]},"6":{"line":46,"type":"if","locations":[{"start":{"line":46,"column":12},"end":{"line":46,"column":12}},{"start":{"line":46,"column":12},"end":{"line":46,"column":12}}]},"7":{"line":58,"type":"if","locations":[{"start":{"line":58,"column":8},"end":{"line":58,"column":8}},{"start":{"line":58,"column":8},"end":{"line":58,"column":8}}]},"8":{"line":62,"type":"if","locations":[{"start":{"line":62,"column":8},"end":{"line":62,"column":8}},{"start":{"line":62,"column":8},"end":{"line":62,"column":8}}]},"9":{"line":75,"type":"if","locations":[{"start":{"line":75,"column":10},"end":{"line":75,"column":10}},{"start":{"line":75,"column":10},"end":{"line":75,"column":10}}]},"10":{"line":81,"type":"if","locations":[{"start":{"line":81,"column":10},"end":{"line":81,"column":10}},{"start":{"line":81,"column":10},"end":{"line":81,"column":10}}]}},"code":["/*"," Copyright 2015 Google Inc. All Rights Reserved.",""," Licensed under the Apache License, Version 2.0 (the \"License\");"," you may not use this file except in compliance with the License."," You may obtain a copy of the License at","","     http://www.apache.org/licenses/LICENSE-2.0",""," Unless required by applicable law or agreed to in writing, software"," distributed under the License is distributed on an \"AS IS\" BASIS,"," WITHOUT WARRANTIES OR CONDITIONS OF ANY KIND, either express or implied."," See the License for the specific language governing permissions and"," limitations under the License.","*/","'use strict';","var globalOptions = require('../options');","var helpers = require('../helpers');","","function networkFirst(request, values, options) {","  options = options || {};","  var successResponses = options.successResponses ||","      globalOptions.successResponses;","  // This will bypass options.networkTimeout if it's set to a false-y value like","  // 0, but that's the sane thing to do anyway.","  var networkTimeoutSeconds = options.networkTimeoutSeconds ||","      globalOptions.networkTimeoutSeconds;","  helpers.debug('Strategy: network first [' + request.url + ']', options);","","  return helpers.openCache(options).then(function(cache) {","    var timeoutId;","    var promises = [];","    var originalResponse;","","    if (networkTimeoutSeconds) {","      var cacheWhenTimedOutPromise = new Promise(function(resolve) {","        timeoutId = setTimeout(function() {","          cache.match(request).then(function(response) {","            var cacheOptions = options.cache || globalOptions.cache;","            // Only resolve this promise if there's a valid response in the","            // cache. This ensures that we won't time out a network request","            // unless there's a cached entry to fallback on, which is arguably","            // the preferable behavior.","            var now = Date.now();","            var maxAgeSeconds = cacheOptions.maxAgeSeconds;","            if (helpers.isResponseFresh(response, maxAgeSeconds, now)) {","              resolve(response);","            }","          });","        }, networkTimeoutSeconds * 1000);","      });","      promises.push(cacheWhenTimedOutPromise);","    }","","    var networkPromise = helpers.fetchAndCache(request, options)","      .then(function(response) {","        // We've got a response, so clear the network timeout if there is one.","        if (timeoutId) {","          clearTimeout(timeoutId);","        }","","        if (successResponses.test(response.status)) {","          return response;","        }","","        helpers.debug('Response was an HTTP error: ' + response.statusText,","            options);","        originalResponse = response;","        throw new Error('Bad response');","      }).catch(function(error) {","        helpers.debug('Network or response error, fallback to cache [' +","            request.url + ']', options);","        return cache.match(request).then(function(response) {","          // If there's a match in the cache, resolve with that.","          if (response) {","            return response;","          }","","          // If we have a Response object from the previous fetch, then resolve","          // with that, even though it corresponds to an error status code.","          if (originalResponse) {","            return originalResponse;","          }","","          // If we don't have a Response object from the previous fetch, likely","          // due to a network failure, then reject with the failure error.","          throw error;","        });","      });","","    promises.push(networkPromise);","","    return Promise.race(promises);","  });","}","","module.exports = networkFirst;",""],"l":{"17":2,"18":0,"20":1,"21":0,"22":0,"26":0,"28":0,"30":0,"31":0,"32":0,"33":0,"35":0,"36":0,"37":0,"38":0,"39":0,"44":0,"45":0,"46":0,"47":0,"52":0,"55":0,"58":0,"59":0,"62":0,"63":0,"66":0,"68":0,"69":0,"71":0,"73":0,"75":0,"76":0,"81":0,"82":0,"87":0,"91":0,"93":0,"97":0}}}